{"/Users/goodnesseze/Desktop/project/storeManus-react/src/index.js": {"path":"/Users/goodnesseze/Desktop/project/storeManus-react/src/index.js","statementMap":{"0":{"start":{"line":5,"column":0},"end":{"line":5,"column":56}}},"fnMap":{},"branchMap":{},"s":{"0":0},"f":{},"b":{}}
,"/Users/goodnesseze/Desktop/project/storeManus-react/src/js/addAttendant.js": {"path":"/Users/goodnesseze/Desktop/project/storeManus-react/src/js/addAttendant.js","statementMap":{"0":{"start":{"line":1,"column":0},"end":{"line":1,"column":50}},"1":{"start":{"line":4,"column":10},"end":{"line":4,"column":12}},"2":{"start":{"line":5,"column":0},"end":{"line":7,"column":1}},"3":{"start":{"line":6,"column":4},"end":{"line":6,"column":60}},"4":{"start":{"line":11,"column":19},"end":{"line":11,"column":66}},"5":{"start":{"line":12,"column":4},"end":{"line":16,"column":7}},"6":{"start":{"line":13,"column":8},"end":{"line":13,"column":27}},"7":{"start":{"line":14,"column":8},"end":{"line":14,"column":35}},"8":{"start":{"line":22,"column":22},"end":{"line":22,"column":71}},"9":{"start":{"line":23,"column":21},"end":{"line":23,"column":69}},"10":{"start":{"line":24,"column":18},"end":{"line":24,"column":63}},"11":{"start":{"line":26,"column":17},"end":{"line":26,"column":45}},"12":{"start":{"line":27,"column":13},"end":{"line":27,"column":68}},"13":{"start":{"line":28,"column":4},"end":{"line":46,"column":53}},"14":{"start":{"line":37,"column":21},"end":{"line":37,"column":31}},"15":{"start":{"line":39,"column":12},"end":{"line":42,"column":13}},"16":{"start":{"line":40,"column":16},"end":{"line":40,"column":94}},"17":{"start":{"line":41,"column":16},"end":{"line":41,"column":42}},"18":{"start":{"line":43,"column":12},"end":{"line":43,"column":31}},"19":{"start":{"line":44,"column":12},"end":{"line":44,"column":19}},"20":{"start":{"line":46,"column":22},"end":{"line":46,"column":51}}},"fnMap":{"0":{"name":"loadAddAttButton","decl":{"start":{"line":10,"column":9},"end":{"line":10,"column":25}},"loc":{"start":{"line":10,"column":27},"end":{"line":18,"column":1}},"line":10},"1":{"name":"(anonymous_1)","decl":{"start":{"line":12,"column":37},"end":{"line":12,"column":38}},"loc":{"start":{"line":12,"column":43},"end":{"line":16,"column":5}},"line":12},"2":{"name":"registerAttendant","decl":{"start":{"line":21,"column":9},"end":{"line":21,"column":26}},"loc":{"start":{"line":21,"column":28},"end":{"line":47,"column":1}},"line":21},"3":{"name":"(anonymous_3)","decl":{"start":{"line":37,"column":14},"end":{"line":37,"column":15}},"loc":{"start":{"line":37,"column":21},"end":{"line":37,"column":31}},"line":37},"4":{"name":"(anonymous_4)","decl":{"start":{"line":38,"column":14},"end":{"line":38,"column":15}},"loc":{"start":{"line":38,"column":21},"end":{"line":45,"column":9}},"line":38},"5":{"name":"(anonymous_5)","decl":{"start":{"line":46,"column":15},"end":{"line":46,"column":16}},"loc":{"start":{"line":46,"column":22},"end":{"line":46,"column":51}},"line":46}},"branchMap":{"0":{"loc":{"start":{"line":5,"column":0},"end":{"line":7,"column":1}},"type":"if","locations":[{"start":{"line":5,"column":0},"end":{"line":7,"column":1}},{"start":{"line":5,"column":0},"end":{"line":7,"column":1}}],"line":5},"1":{"loc":{"start":{"line":39,"column":12},"end":{"line":42,"column":13}},"type":"if","locations":[{"start":{"line":39,"column":12},"end":{"line":42,"column":13}},{"start":{"line":39,"column":12},"end":{"line":42,"column":13}}],"line":39}},"s":{"0":0,"1":0,"2":0,"3":0,"4":0,"5":0,"6":0,"7":0,"8":0,"9":0,"10":0,"11":0,"12":0,"13":0,"14":0,"15":0,"16":0,"17":0,"18":0,"19":0,"20":0},"f":{"0":0,"1":0,"2":0,"3":0,"4":0,"5":0},"b":{"0":[0,0],"1":[0,0]}}
,"/Users/goodnesseze/Desktop/project/storeManus-react/src/js/admin.js": {"path":"/Users/goodnesseze/Desktop/project/storeManus-react/src/js/admin.js","statementMap":{"0":{"start":{"line":3,"column":0},"end":{"line":46,"column":3}},"1":{"start":{"line":7,"column":16},"end":{"line":7,"column":108}},"2":{"start":{"line":8,"column":16},"end":{"line":8,"column":61}},"3":{"start":{"line":9,"column":4},"end":{"line":44,"column":5}},"4":{"start":{"line":10,"column":8},"end":{"line":42,"column":11}},"5":{"start":{"line":12,"column":12},"end":{"line":12,"column":31}},"6":{"start":{"line":15,"column":25},"end":{"line":15,"column":77}},"7":{"start":{"line":16,"column":26},"end":{"line":16,"column":79}},"8":{"start":{"line":17,"column":29},"end":{"line":17,"column":85}},"9":{"start":{"line":18,"column":25},"end":{"line":18,"column":77}},"10":{"start":{"line":19,"column":29},"end":{"line":19,"column":85}},"11":{"start":{"line":20,"column":25},"end":{"line":20,"column":65}},"12":{"start":{"line":22,"column":21},"end":{"line":22,"column":60}},"13":{"start":{"line":23,"column":12},"end":{"line":41,"column":61}},"14":{"start":{"line":32,"column":29},"end":{"line":32,"column":39}},"15":{"start":{"line":34,"column":20},"end":{"line":37,"column":21}},"16":{"start":{"line":35,"column":24},"end":{"line":35,"column":43}},"17":{"start":{"line":36,"column":24},"end":{"line":36,"column":50}},"18":{"start":{"line":38,"column":20},"end":{"line":38,"column":39}},"19":{"start":{"line":39,"column":20},"end":{"line":39,"column":27}},"20":{"start":{"line":41,"column":30},"end":{"line":41,"column":59}},"21":{"start":{"line":48,"column":10},"end":{"line":48,"column":12}},"22":{"start":{"line":49,"column":0},"end":{"line":51,"column":1}},"23":{"start":{"line":50,"column":4},"end":{"line":50,"column":60}},"24":{"start":{"line":56,"column":4},"end":{"line":65,"column":5}},"25":{"start":{"line":56,"column":16},"end":{"line":56,"column":17}},"26":{"start":{"line":57,"column":26},"end":{"line":63,"column":14}},"27":{"start":{"line":64,"column":8},"end":{"line":64,"column":67}},"28":{"start":{"line":66,"column":4},"end":{"line":66,"column":11}},"29":{"start":{"line":69,"column":4},"end":{"line":78,"column":5}},"30":{"start":{"line":69,"column":16},"end":{"line":69,"column":17}},"31":{"start":{"line":70,"column":26},"end":{"line":76,"column":14}},"32":{"start":{"line":77,"column":8},"end":{"line":77,"column":67}},"33":{"start":{"line":79,"column":4},"end":{"line":79,"column":11}},"34":{"start":{"line":82,"column":4},"end":{"line":89,"column":5}},"35":{"start":{"line":82,"column":16},"end":{"line":82,"column":17}},"36":{"start":{"line":83,"column":26},"end":{"line":87,"column":14}},"37":{"start":{"line":88,"column":8},"end":{"line":88,"column":67}},"38":{"start":{"line":90,"column":4},"end":{"line":90,"column":11}},"39":{"start":{"line":93,"column":4},"end":{"line":104,"column":5}},"40":{"start":{"line":93,"column":16},"end":{"line":93,"column":17}},"41":{"start":{"line":94,"column":27},"end":{"line":102,"column":17}},"42":{"start":{"line":103,"column":8},"end":{"line":103,"column":76}},"43":{"start":{"line":105,"column":4},"end":{"line":105,"column":11}},"44":{"start":{"line":108,"column":16},"end":{"line":108,"column":55}},"45":{"start":{"line":109,"column":4},"end":{"line":153,"column":53}},"46":{"start":{"line":117,"column":21},"end":{"line":117,"column":31}},"47":{"start":{"line":119,"column":12},"end":{"line":149,"column":13}},"48":{"start":{"line":121,"column":34},"end":{"line":138,"column":17}},"49":{"start":{"line":139,"column":20},"end":{"line":139,"column":92}},"50":{"start":{"line":142,"column":16},"end":{"line":142,"column":30}},"51":{"start":{"line":146,"column":16},"end":{"line":146,"column":53}},"52":{"start":{"line":150,"column":12},"end":{"line":150,"column":34}},"53":{"start":{"line":151,"column":12},"end":{"line":151,"column":58}},"54":{"start":{"line":153,"column":22},"end":{"line":153,"column":51}},"55":{"start":{"line":158,"column":16},"end":{"line":158,"column":65}},"56":{"start":{"line":159,"column":4},"end":{"line":201,"column":53}},"57":{"start":{"line":167,"column":21},"end":{"line":167,"column":31}},"58":{"start":{"line":169,"column":12},"end":{"line":197,"column":13}},"59":{"start":{"line":171,"column":34},"end":{"line":186,"column":33}},"60":{"start":{"line":187,"column":20},"end":{"line":187,"column":100}},"61":{"start":{"line":190,"column":16},"end":{"line":190,"column":46}},"62":{"start":{"line":194,"column":16},"end":{"line":194,"column":62}},"63":{"start":{"line":198,"column":12},"end":{"line":198,"column":34}},"64":{"start":{"line":199,"column":12},"end":{"line":199,"column":58}},"65":{"start":{"line":201,"column":22},"end":{"line":201,"column":51}},"66":{"start":{"line":208,"column":16},"end":{"line":208,"column":64}},"67":{"start":{"line":209,"column":4},"end":{"line":249,"column":53}},"68":{"start":{"line":217,"column":21},"end":{"line":217,"column":31}},"69":{"start":{"line":219,"column":12},"end":{"line":245,"column":13}},"70":{"start":{"line":221,"column":34},"end":{"line":234,"column":37}},"71":{"start":{"line":235,"column":20},"end":{"line":235,"column":98}},"72":{"start":{"line":238,"column":16},"end":{"line":238,"column":45}},"73":{"start":{"line":242,"column":16},"end":{"line":242,"column":61}},"74":{"start":{"line":246,"column":12},"end":{"line":246,"column":34}},"75":{"start":{"line":247,"column":12},"end":{"line":247,"column":58}},"76":{"start":{"line":249,"column":22},"end":{"line":249,"column":51}},"77":{"start":{"line":257,"column":16},"end":{"line":257,"column":57}},"78":{"start":{"line":258,"column":4},"end":{"line":283,"column":53}},"79":{"start":{"line":266,"column":21},"end":{"line":266,"column":31}},"80":{"start":{"line":268,"column":12},"end":{"line":279,"column":13}},"81":{"start":{"line":270,"column":33},"end":{"line":274,"column":28}},"82":{"start":{"line":275,"column":20},"end":{"line":275,"column":95}},"83":{"start":{"line":277,"column":16},"end":{"line":277,"column":39}},"84":{"start":{"line":278,"column":16},"end":{"line":278,"column":54}},"85":{"start":{"line":280,"column":12},"end":{"line":280,"column":34}},"86":{"start":{"line":281,"column":12},"end":{"line":281,"column":58}},"87":{"start":{"line":283,"column":22},"end":{"line":283,"column":51}}},"fnMap":{"0":{"name":"(anonymous_0)","decl":{"start":{"line":3,"column":17},"end":{"line":3,"column":18}},"loc":{"start":{"line":3,"column":23},"end":{"line":46,"column":1}},"line":3},"1":{"name":"(anonymous_1)","decl":{"start":{"line":10,"column":38},"end":{"line":10,"column":39}},"loc":{"start":{"line":10,"column":44},"end":{"line":42,"column":9}},"line":10},"2":{"name":"(anonymous_2)","decl":{"start":{"line":32,"column":22},"end":{"line":32,"column":23}},"loc":{"start":{"line":32,"column":29},"end":{"line":32,"column":39}},"line":32},"3":{"name":"(anonymous_3)","decl":{"start":{"line":33,"column":22},"end":{"line":33,"column":23}},"loc":{"start":{"line":33,"column":29},"end":{"line":40,"column":17}},"line":33},"4":{"name":"(anonymous_4)","decl":{"start":{"line":41,"column":23},"end":{"line":41,"column":24}},"loc":{"start":{"line":41,"column":30},"end":{"line":41,"column":59}},"line":41},"5":{"name":"populateProductTable","decl":{"start":{"line":55,"column":9},"end":{"line":55,"column":29}},"loc":{"start":{"line":55,"column":35},"end":{"line":67,"column":1}},"line":55},"6":{"name":"populateAvalaibleProductTable","decl":{"start":{"line":68,"column":9},"end":{"line":68,"column":38}},"loc":{"start":{"line":68,"column":44},"end":{"line":80,"column":1}},"line":68},"7":{"name":"populateFinishedProductTable","decl":{"start":{"line":81,"column":9},"end":{"line":81,"column":37}},"loc":{"start":{"line":81,"column":43},"end":{"line":91,"column":1}},"line":81},"8":{"name":"populateAttendantsDiv","decl":{"start":{"line":92,"column":9},"end":{"line":92,"column":30}},"loc":{"start":{"line":92,"column":36},"end":{"line":106,"column":1}},"line":92},"9":{"name":"AllProducts","decl":{"start":{"line":107,"column":9},"end":{"line":107,"column":20}},"loc":{"start":{"line":107,"column":22},"end":{"line":155,"column":1}},"line":107},"10":{"name":"(anonymous_10)","decl":{"start":{"line":117,"column":14},"end":{"line":117,"column":15}},"loc":{"start":{"line":117,"column":21},"end":{"line":117,"column":31}},"line":117},"11":{"name":"(anonymous_11)","decl":{"start":{"line":118,"column":14},"end":{"line":118,"column":15}},"loc":{"start":{"line":118,"column":24},"end":{"line":152,"column":9}},"line":118},"12":{"name":"createTable","decl":{"start":{"line":120,"column":25},"end":{"line":120,"column":36}},"loc":{"start":{"line":120,"column":38},"end":{"line":140,"column":17}},"line":120},"13":{"name":"(anonymous_13)","decl":{"start":{"line":153,"column":15},"end":{"line":153,"column":16}},"loc":{"start":{"line":153,"column":22},"end":{"line":153,"column":51}},"line":153},"14":{"name":"AvailableProducts","decl":{"start":{"line":157,"column":9},"end":{"line":157,"column":26}},"loc":{"start":{"line":157,"column":28},"end":{"line":203,"column":1}},"line":157},"15":{"name":"(anonymous_15)","decl":{"start":{"line":167,"column":14},"end":{"line":167,"column":15}},"loc":{"start":{"line":167,"column":21},"end":{"line":167,"column":31}},"line":167},"16":{"name":"(anonymous_16)","decl":{"start":{"line":168,"column":14},"end":{"line":168,"column":15}},"loc":{"start":{"line":168,"column":24},"end":{"line":200,"column":9}},"line":168},"17":{"name":"createAvailableProductTable","decl":{"start":{"line":170,"column":25},"end":{"line":170,"column":52}},"loc":{"start":{"line":170,"column":54},"end":{"line":188,"column":17}},"line":170},"18":{"name":"(anonymous_18)","decl":{"start":{"line":201,"column":15},"end":{"line":201,"column":16}},"loc":{"start":{"line":201,"column":22},"end":{"line":201,"column":51}},"line":201},"19":{"name":"FinishedProducts","decl":{"start":{"line":207,"column":9},"end":{"line":207,"column":25}},"loc":{"start":{"line":207,"column":27},"end":{"line":251,"column":1}},"line":207},"20":{"name":"(anonymous_20)","decl":{"start":{"line":217,"column":14},"end":{"line":217,"column":15}},"loc":{"start":{"line":217,"column":21},"end":{"line":217,"column":31}},"line":217},"21":{"name":"(anonymous_21)","decl":{"start":{"line":218,"column":14},"end":{"line":218,"column":15}},"loc":{"start":{"line":218,"column":24},"end":{"line":248,"column":9}},"line":218},"22":{"name":"createFinishedProductTable","decl":{"start":{"line":220,"column":25},"end":{"line":220,"column":51}},"loc":{"start":{"line":220,"column":53},"end":{"line":236,"column":17}},"line":220},"23":{"name":"(anonymous_23)","decl":{"start":{"line":249,"column":15},"end":{"line":249,"column":16}},"loc":{"start":{"line":249,"column":22},"end":{"line":249,"column":51}},"line":249},"24":{"name":"getAttendants","decl":{"start":{"line":256,"column":9},"end":{"line":256,"column":22}},"loc":{"start":{"line":256,"column":24},"end":{"line":285,"column":1}},"line":256},"25":{"name":"(anonymous_25)","decl":{"start":{"line":266,"column":14},"end":{"line":266,"column":15}},"loc":{"start":{"line":266,"column":21},"end":{"line":266,"column":31}},"line":266},"26":{"name":"(anonymous_26)","decl":{"start":{"line":267,"column":14},"end":{"line":267,"column":15}},"loc":{"start":{"line":267,"column":24},"end":{"line":282,"column":9}},"line":267},"27":{"name":"createAttendantCards","decl":{"start":{"line":269,"column":25},"end":{"line":269,"column":45}},"loc":{"start":{"line":269,"column":47},"end":{"line":276,"column":17}},"line":269},"28":{"name":"(anonymous_28)","decl":{"start":{"line":283,"column":15},"end":{"line":283,"column":16}},"loc":{"start":{"line":283,"column":22},"end":{"line":283,"column":51}},"line":283}},"branchMap":{"0":{"loc":{"start":{"line":9,"column":4},"end":{"line":44,"column":5}},"type":"if","locations":[{"start":{"line":9,"column":4},"end":{"line":44,"column":5}},{"start":{"line":9,"column":4},"end":{"line":44,"column":5}}],"line":9},"1":{"loc":{"start":{"line":34,"column":20},"end":{"line":37,"column":21}},"type":"if","locations":[{"start":{"line":34,"column":20},"end":{"line":37,"column":21}},{"start":{"line":34,"column":20},"end":{"line":37,"column":21}}],"line":34},"2":{"loc":{"start":{"line":49,"column":0},"end":{"line":51,"column":1}},"type":"if","locations":[{"start":{"line":49,"column":0},"end":{"line":51,"column":1}},{"start":{"line":49,"column":0},"end":{"line":51,"column":1}}],"line":49},"3":{"loc":{"start":{"line":119,"column":12},"end":{"line":149,"column":13}},"type":"if","locations":[{"start":{"line":119,"column":12},"end":{"line":149,"column":13}},{"start":{"line":119,"column":12},"end":{"line":149,"column":13}}],"line":119},"4":{"loc":{"start":{"line":169,"column":12},"end":{"line":197,"column":13}},"type":"if","locations":[{"start":{"line":169,"column":12},"end":{"line":197,"column":13}},{"start":{"line":169,"column":12},"end":{"line":197,"column":13}}],"line":169},"5":{"loc":{"start":{"line":219,"column":12},"end":{"line":245,"column":13}},"type":"if","locations":[{"start":{"line":219,"column":12},"end":{"line":245,"column":13}},{"start":{"line":219,"column":12},"end":{"line":245,"column":13}}],"line":219},"6":{"loc":{"start":{"line":268,"column":12},"end":{"line":279,"column":13}},"type":"if","locations":[{"start":{"line":268,"column":12},"end":{"line":279,"column":13}},{"start":{"line":268,"column":12},"end":{"line":279,"column":13}}],"line":268}},"s":{"0":0,"1":0,"2":0,"3":0,"4":0,"5":0,"6":0,"7":0,"8":0,"9":0,"10":0,"11":0,"12":0,"13":0,"14":0,"15":0,"16":0,"17":0,"18":0,"19":0,"20":0,"21":0,"22":0,"23":0,"24":0,"25":0,"26":0,"27":0,"28":0,"29":0,"30":0,"31":0,"32":0,"33":0,"34":0,"35":0,"36":0,"37":0,"38":0,"39":0,"40":0,"41":0,"42":0,"43":0,"44":0,"45":0,"46":0,"47":0,"48":0,"49":0,"50":0,"51":0,"52":0,"53":0,"54":0,"55":0,"56":0,"57":0,"58":0,"59":0,"60":0,"61":0,"62":0,"63":0,"64":0,"65":0,"66":0,"67":0,"68":0,"69":0,"70":0,"71":0,"72":0,"73":0,"74":0,"75":0,"76":0,"77":0,"78":0,"79":0,"80":0,"81":0,"82":0,"83":0,"84":0,"85":0,"86":0,"87":0},"f":{"0":0,"1":0,"2":0,"3":0,"4":0,"5":0,"6":0,"7":0,"8":0,"9":0,"10":0,"11":0,"12":0,"13":0,"14":0,"15":0,"16":0,"17":0,"18":0,"19":0,"20":0,"21":0,"22":0,"23":0,"24":0,"25":0,"26":0,"27":0,"28":0},"b":{"0":[0,0],"1":[0,0],"2":[0,0],"3":[0,0],"4":[0,0],"5":[0,0],"6":[0,0]}}
,"/Users/goodnesseze/Desktop/project/storeManus-react/src/js/adminAvaiPro.js": {"path":"/Users/goodnesseze/Desktop/project/storeManus-react/src/js/adminAvaiPro.js","statementMap":{"0":{"start":{"line":2,"column":4},"end":{"line":11,"column":5}},"1":{"start":{"line":2,"column":16},"end":{"line":2,"column":17}},"2":{"start":{"line":3,"column":26},"end":{"line":9,"column":14}},"3":{"start":{"line":10,"column":8},"end":{"line":10,"column":67}},"4":{"start":{"line":12,"column":4},"end":{"line":12,"column":11}},"5":{"start":{"line":16,"column":16},"end":{"line":16,"column":65}},"6":{"start":{"line":17,"column":4},"end":{"line":34,"column":53}},"7":{"start":{"line":25,"column":21},"end":{"line":25,"column":31}},"8":{"start":{"line":27,"column":12},"end":{"line":30,"column":13}},"9":{"start":{"line":28,"column":16},"end":{"line":28,"column":45}},"10":{"start":{"line":29,"column":16},"end":{"line":29,"column":61}},"11":{"start":{"line":31,"column":12},"end":{"line":31,"column":34}},"12":{"start":{"line":32,"column":12},"end":{"line":32,"column":58}},"13":{"start":{"line":34,"column":22},"end":{"line":34,"column":51}}},"fnMap":{"0":{"name":"populateAvalaibleProductTable","decl":{"start":{"line":1,"column":9},"end":{"line":1,"column":38}},"loc":{"start":{"line":1,"column":44},"end":{"line":13,"column":1}},"line":1},"1":{"name":"AvailableProducts","decl":{"start":{"line":15,"column":9},"end":{"line":15,"column":26}},"loc":{"start":{"line":15,"column":28},"end":{"line":36,"column":1}},"line":15},"2":{"name":"(anonymous_2)","decl":{"start":{"line":25,"column":14},"end":{"line":25,"column":15}},"loc":{"start":{"line":25,"column":21},"end":{"line":25,"column":31}},"line":25},"3":{"name":"(anonymous_3)","decl":{"start":{"line":26,"column":14},"end":{"line":26,"column":15}},"loc":{"start":{"line":26,"column":24},"end":{"line":33,"column":9}},"line":26},"4":{"name":"(anonymous_4)","decl":{"start":{"line":34,"column":15},"end":{"line":34,"column":16}},"loc":{"start":{"line":34,"column":22},"end":{"line":34,"column":51}},"line":34}},"branchMap":{"0":{"loc":{"start":{"line":27,"column":12},"end":{"line":30,"column":13}},"type":"if","locations":[{"start":{"line":27,"column":12},"end":{"line":30,"column":13}},{"start":{"line":27,"column":12},"end":{"line":30,"column":13}}],"line":27}},"s":{"0":0,"1":0,"2":0,"3":0,"4":0,"5":0,"6":0,"7":0,"8":0,"9":0,"10":0,"11":0,"12":0,"13":0},"f":{"0":0,"1":0,"2":0,"3":0,"4":0},"b":{"0":[0,0]}}
,"/Users/goodnesseze/Desktop/project/storeManus-react/src/js/checktoken.js": {"path":"/Users/goodnesseze/Desktop/project/storeManus-react/src/js/checktoken.js","statementMap":{"0":{"start":{"line":2,"column":4},"end":{"line":6,"column":5}},"1":{"start":{"line":3,"column":8},"end":{"line":3,"column":76}},"2":{"start":{"line":4,"column":8},"end":{"line":4,"column":54}},"3":{"start":{"line":5,"column":8},"end":{"line":5,"column":15}},"4":{"start":{"line":8,"column":0},"end":{"line":8,"column":13}}},"fnMap":{"0":{"name":"checktoken","decl":{"start":{"line":1,"column":9},"end":{"line":1,"column":19}},"loc":{"start":{"line":1,"column":21},"end":{"line":7,"column":1}},"line":1}},"branchMap":{"0":{"loc":{"start":{"line":2,"column":4},"end":{"line":6,"column":5}},"type":"if","locations":[{"start":{"line":2,"column":4},"end":{"line":6,"column":5}},{"start":{"line":2,"column":4},"end":{"line":6,"column":5}}],"line":2}},"s":{"0":0,"1":0,"2":0,"3":0,"4":0},"f":{"0":0},"b":{"0":[0,0]}}
,"/Users/goodnesseze/Desktop/project/storeManus-react/src/js/create-sales.js": {"path":"/Users/goodnesseze/Desktop/project/storeManus-react/src/js/create-sales.js","statementMap":{"0":{"start":{"line":8,"column":10},"end":{"line":8,"column":12}},"1":{"start":{"line":9,"column":0},"end":{"line":11,"column":1}},"2":{"start":{"line":10,"column":4},"end":{"line":10,"column":60}},"3":{"start":{"line":12,"column":17},"end":{"line":12,"column":19}},"4":{"start":{"line":16,"column":4},"end":{"line":16,"column":37}},"5":{"start":{"line":17,"column":20},"end":{"line":17,"column":37}},"6":{"start":{"line":18,"column":4},"end":{"line":18,"column":94}},"7":{"start":{"line":19,"column":4},"end":{"line":19,"column":70}},"8":{"start":{"line":20,"column":4},"end":{"line":20,"column":11}},"9":{"start":{"line":22,"column":0},"end":{"line":22,"column":26}},"10":{"start":{"line":25,"column":0},"end":{"line":25,"column":84}},"11":{"start":{"line":28,"column":29},"end":{"line":28,"column":78}},"12":{"start":{"line":29,"column":4},"end":{"line":29,"column":45}},"13":{"start":{"line":32,"column":16},"end":{"line":32,"column":65}},"14":{"start":{"line":33,"column":4},"end":{"line":55,"column":53}},"15":{"start":{"line":41,"column":21},"end":{"line":41,"column":31}},"16":{"start":{"line":43,"column":12},"end":{"line":51,"column":13}},"17":{"start":{"line":44,"column":37},"end":{"line":44,"column":116}},"18":{"start":{"line":44,"column":82},"end":{"line":44,"column":115}},"19":{"start":{"line":45,"column":37},"end":{"line":45,"column":82}},"20":{"start":{"line":45,"column":68},"end":{"line":45,"column":81}},"21":{"start":{"line":46,"column":16},"end":{"line":46,"column":127}},"22":{"start":{"line":47,"column":16},"end":{"line":49,"column":19}},"23":{"start":{"line":48,"column":20},"end":{"line":48,"column":120}},"24":{"start":{"line":50,"column":16},"end":{"line":50,"column":23}},"25":{"start":{"line":52,"column":12},"end":{"line":52,"column":34}},"26":{"start":{"line":53,"column":12},"end":{"line":53,"column":19}},"27":{"start":{"line":55,"column":22},"end":{"line":55,"column":51}},"28":{"start":{"line":60,"column":16},"end":{"line":60,"column":65}},"29":{"start":{"line":61,"column":4},"end":{"line":84,"column":53}},"30":{"start":{"line":69,"column":21},"end":{"line":69,"column":31}},"31":{"start":{"line":71,"column":12},"end":{"line":80,"column":13}},"32":{"start":{"line":72,"column":16},"end":{"line":72,"column":58}},"33":{"start":{"line":73,"column":32},"end":{"line":73,"column":83}},"34":{"start":{"line":73,"column":70},"end":{"line":73,"column":82}},"35":{"start":{"line":74,"column":35},"end":{"line":74,"column":58}},"36":{"start":{"line":75,"column":37},"end":{"line":75,"column":52}},"37":{"start":{"line":76,"column":16},"end":{"line":78,"column":19}},"38":{"start":{"line":77,"column":20},"end":{"line":77,"column":121}},"39":{"start":{"line":79,"column":16},"end":{"line":79,"column":23}},"40":{"start":{"line":81,"column":12},"end":{"line":81,"column":34}},"41":{"start":{"line":82,"column":12},"end":{"line":82,"column":19}},"42":{"start":{"line":84,"column":22},"end":{"line":84,"column":51}},"43":{"start":{"line":89,"column":0},"end":{"line":89,"column":77}},"44":{"start":{"line":91,"column":28},"end":{"line":91,"column":73}},"45":{"start":{"line":92,"column":4},"end":{"line":92,"column":45}},"46":{"start":{"line":95,"column":16},"end":{"line":95,"column":65}},"47":{"start":{"line":96,"column":4},"end":{"line":117,"column":53}},"48":{"start":{"line":104,"column":21},"end":{"line":104,"column":31}},"49":{"start":{"line":106,"column":12},"end":{"line":113,"column":13}},"50":{"start":{"line":107,"column":37},"end":{"line":107,"column":115}},"51":{"start":{"line":107,"column":82},"end":{"line":107,"column":114}},"52":{"start":{"line":108,"column":30},"end":{"line":108,"column":51}},"53":{"start":{"line":109,"column":16},"end":{"line":109,"column":47}},"54":{"start":{"line":110,"column":16},"end":{"line":110,"column":51}},"55":{"start":{"line":111,"column":16},"end":{"line":111,"column":63}},"56":{"start":{"line":112,"column":16},"end":{"line":112,"column":23}},"57":{"start":{"line":114,"column":12},"end":{"line":114,"column":34}},"58":{"start":{"line":115,"column":12},"end":{"line":115,"column":19}},"59":{"start":{"line":117,"column":22},"end":{"line":117,"column":51}},"60":{"start":{"line":120,"column":0},"end":{"line":120,"column":77}},"61":{"start":{"line":122,"column":16},"end":{"line":122,"column":57}},"62":{"start":{"line":123,"column":18},"end":{"line":123,"column":56}},"63":{"start":{"line":124,"column":22},"end":{"line":124,"column":33}},"64":{"start":{"line":126,"column":4},"end":{"line":126,"column":71}},"65":{"start":{"line":130,"column":0},"end":{"line":130,"column":74}},"66":{"start":{"line":132,"column":4},"end":{"line":132,"column":51}},"67":{"start":{"line":133,"column":4},"end":{"line":133,"column":23}},"68":{"start":{"line":134,"column":4},"end":{"line":134,"column":18}},"69":{"start":{"line":135,"column":4},"end":{"line":135,"column":16}},"70":{"start":{"line":136,"column":4},"end":{"line":136,"column":17}},"71":{"start":{"line":137,"column":4},"end":{"line":137,"column":23}},"72":{"start":{"line":141,"column":4},"end":{"line":143,"column":5}},"73":{"start":{"line":142,"column":8},"end":{"line":142,"column":30}},"74":{"start":{"line":144,"column":21},"end":{"line":144,"column":77}},"75":{"start":{"line":145,"column":20},"end":{"line":145,"column":72}},"76":{"start":{"line":146,"column":18},"end":{"line":146,"column":63}},"77":{"start":{"line":147,"column":16},"end":{"line":147,"column":64}},"78":{"start":{"line":148,"column":21},"end":{"line":148,"column":70}},"79":{"start":{"line":149,"column":17},"end":{"line":149,"column":92}},"80":{"start":{"line":150,"column":4},"end":{"line":152,"column":5}},"81":{"start":{"line":151,"column":8},"end":{"line":151,"column":68}},"82":{"start":{"line":153,"column":4},"end":{"line":153,"column":24}},"83":{"start":{"line":154,"column":4},"end":{"line":154,"column":28}},"84":{"start":{"line":155,"column":4},"end":{"line":155,"column":26}},"85":{"start":{"line":158,"column":4},"end":{"line":170,"column":7}},"86":{"start":{"line":159,"column":21},"end":{"line":168,"column":23}},"87":{"start":{"line":169,"column":8},"end":{"line":169,"column":58}},"88":{"start":{"line":172,"column":0},"end":{"line":172,"column":19}},"89":{"start":{"line":174,"column":4},"end":{"line":178,"column":5}},"90":{"start":{"line":175,"column":28},"end":{"line":175,"column":73}},"91":{"start":{"line":175,"column":49},"end":{"line":175,"column":72}},"92":{"start":{"line":176,"column":22},"end":{"line":176,"column":79}},"93":{"start":{"line":176,"column":62},"end":{"line":176,"column":78}},"94":{"start":{"line":177,"column":8},"end":{"line":177,"column":64}},"95":{"start":{"line":181,"column":4},"end":{"line":181,"column":59}},"96":{"start":{"line":182,"column":4},"end":{"line":182,"column":55}},"97":{"start":{"line":183,"column":4},"end":{"line":183,"column":48}},"98":{"start":{"line":184,"column":4},"end":{"line":184,"column":51}},"99":{"start":{"line":185,"column":4},"end":{"line":185,"column":52}},"100":{"start":{"line":191,"column":4},"end":{"line":191,"column":23}},"101":{"start":{"line":192,"column":28},"end":{"line":192,"column":45}},"102":{"start":{"line":193,"column":17},"end":{"line":193,"column":64}},"103":{"start":{"line":194,"column":4},"end":{"line":199,"column":5}},"104":{"start":{"line":195,"column":8},"end":{"line":195,"column":44}},"105":{"start":{"line":196,"column":8},"end":{"line":196,"column":54}},"106":{"start":{"line":197,"column":8},"end":{"line":197,"column":27}},"107":{"start":{"line":198,"column":8},"end":{"line":198,"column":20}},"108":{"start":{"line":202,"column":4},"end":{"line":202,"column":23}},"109":{"start":{"line":203,"column":4},"end":{"line":203,"column":38}},"110":{"start":{"line":204,"column":17},"end":{"line":204,"column":62}},"111":{"start":{"line":205,"column":4},"end":{"line":217,"column":5}},"112":{"start":{"line":206,"column":8},"end":{"line":206,"column":96}},"113":{"start":{"line":207,"column":8},"end":{"line":207,"column":93}},"114":{"start":{"line":208,"column":8},"end":{"line":208,"column":22}},"115":{"start":{"line":209,"column":8},"end":{"line":209,"column":90}},"116":{"start":{"line":210,"column":8},"end":{"line":210,"column":88}},"117":{"start":{"line":211,"column":8},"end":{"line":211,"column":83}},"118":{"start":{"line":212,"column":8},"end":{"line":212,"column":79}},"119":{"start":{"line":213,"column":8},"end":{"line":213,"column":83}},"120":{"start":{"line":214,"column":8},"end":{"line":214,"column":79}},"121":{"start":{"line":215,"column":8},"end":{"line":215,"column":90}},"122":{"start":{"line":216,"column":8},"end":{"line":216,"column":86}},"123":{"start":{"line":218,"column":4},"end":{"line":218,"column":16}},"124":{"start":{"line":221,"column":21},"end":{"line":221,"column":77}},"125":{"start":{"line":222,"column":20},"end":{"line":222,"column":72}},"126":{"start":{"line":223,"column":18},"end":{"line":223,"column":63}},"127":{"start":{"line":224,"column":16},"end":{"line":224,"column":64}},"128":{"start":{"line":225,"column":21},"end":{"line":225,"column":70}},"129":{"start":{"line":227,"column":17},"end":{"line":227,"column":58}},"130":{"start":{"line":228,"column":4},"end":{"line":230,"column":5}},"131":{"start":{"line":229,"column":8},"end":{"line":229,"column":68}},"132":{"start":{"line":232,"column":4},"end":{"line":232,"column":44}},"133":{"start":{"line":235,"column":4},"end":{"line":235,"column":51}},"134":{"start":{"line":236,"column":4},"end":{"line":236,"column":24}},"135":{"start":{"line":239,"column":4},"end":{"line":239,"column":21}},"136":{"start":{"line":242,"column":0},"end":{"line":242,"column":47}},"137":{"start":{"line":244,"column":4},"end":{"line":246,"column":5}},"138":{"start":{"line":245,"column":8},"end":{"line":245,"column":26}},"139":{"start":{"line":247,"column":4},"end":{"line":249,"column":5}},"140":{"start":{"line":248,"column":8},"end":{"line":248,"column":20}},"141":{"start":{"line":253,"column":0},"end":{"line":253,"column":72}},"142":{"start":{"line":257,"column":4},"end":{"line":257,"column":31}},"143":{"start":{"line":261,"column":4},"end":{"line":271,"column":7}},"144":{"start":{"line":262,"column":21},"end":{"line":262,"column":33}},"145":{"start":{"line":263,"column":22},"end":{"line":263,"column":32}},"146":{"start":{"line":264,"column":25},"end":{"line":264,"column":38}},"147":{"start":{"line":265,"column":20},"end":{"line":265,"column":28}},"148":{"start":{"line":266,"column":21},"end":{"line":266,"column":30}},"149":{"start":{"line":267,"column":19},"end":{"line":267,"column":26}},"150":{"start":{"line":268,"column":22},"end":{"line":268,"column":35}},"151":{"start":{"line":269,"column":20},"end":{"line":269,"column":65}},"152":{"start":{"line":270,"column":8},"end":{"line":270,"column":41}},"153":{"start":{"line":272,"column":4},"end":{"line":272,"column":29}},"154":{"start":{"line":275,"column":16},"end":{"line":275,"column":60}},"155":{"start":{"line":276,"column":4},"end":{"line":294,"column":53}},"156":{"start":{"line":284,"column":21},"end":{"line":284,"column":31}},"157":{"start":{"line":286,"column":12},"end":{"line":290,"column":13}},"158":{"start":{"line":287,"column":33},"end":{"line":287,"column":67}},"159":{"start":{"line":288,"column":16},"end":{"line":288,"column":62}},"160":{"start":{"line":289,"column":16},"end":{"line":289,"column":23}},"161":{"start":{"line":291,"column":12},"end":{"line":291,"column":34}},"162":{"start":{"line":292,"column":12},"end":{"line":292,"column":19}},"163":{"start":{"line":294,"column":22},"end":{"line":294,"column":51}},"164":{"start":{"line":297,"column":17},"end":{"line":297,"column":51}},"165":{"start":{"line":298,"column":4},"end":{"line":298,"column":61}},"166":{"start":{"line":299,"column":13},"end":{"line":299,"column":57}},"167":{"start":{"line":300,"column":4},"end":{"line":318,"column":53}},"168":{"start":{"line":309,"column":21},"end":{"line":309,"column":31}},"169":{"start":{"line":311,"column":12},"end":{"line":314,"column":13}},"170":{"start":{"line":312,"column":16},"end":{"line":312,"column":40}},"171":{"start":{"line":313,"column":16},"end":{"line":313,"column":23}},"172":{"start":{"line":315,"column":12},"end":{"line":315,"column":31}},"173":{"start":{"line":316,"column":12},"end":{"line":316,"column":19}},"174":{"start":{"line":318,"column":22},"end":{"line":318,"column":51}},"175":{"start":{"line":321,"column":20},"end":{"line":321,"column":37}},"176":{"start":{"line":322,"column":22},"end":{"line":322,"column":39}},"177":{"start":{"line":323,"column":17},"end":{"line":323,"column":77}},"178":{"start":{"line":324,"column":4},"end":{"line":324,"column":57}},"179":{"start":{"line":325,"column":16},"end":{"line":325,"column":52}},"180":{"start":{"line":326,"column":4},"end":{"line":343,"column":53}},"181":{"start":{"line":335,"column":21},"end":{"line":335,"column":31}},"182":{"start":{"line":337,"column":12},"end":{"line":339,"column":13}},"183":{"start":{"line":338,"column":16},"end":{"line":338,"column":23}},"184":{"start":{"line":340,"column":12},"end":{"line":340,"column":31}},"185":{"start":{"line":341,"column":12},"end":{"line":341,"column":19}},"186":{"start":{"line":343,"column":22},"end":{"line":343,"column":51}},"187":{"start":{"line":346,"column":4},"end":{"line":346,"column":44}},"188":{"start":{"line":347,"column":4},"end":{"line":347,"column":11}}},"fnMap":{"0":{"name":"pop_cate_and_Att_Fields","decl":{"start":{"line":15,"column":9},"end":{"line":15,"column":32}},"loc":{"start":{"line":15,"column":35},"end":{"line":21,"column":1}},"line":15},"1":{"name":"popProducts","decl":{"start":{"line":27,"column":9},"end":{"line":27,"column":20}},"loc":{"start":{"line":27,"column":22},"end":{"line":30,"column":1}},"line":27},"2":{"name":"popProductselectedCate","decl":{"start":{"line":31,"column":9},"end":{"line":31,"column":31}},"loc":{"start":{"line":31,"column":45},"end":{"line":56,"column":1}},"line":31},"3":{"name":"(anonymous_3)","decl":{"start":{"line":41,"column":14},"end":{"line":41,"column":15}},"loc":{"start":{"line":41,"column":21},"end":{"line":41,"column":31}},"line":41},"4":{"name":"(anonymous_4)","decl":{"start":{"line":42,"column":14},"end":{"line":42,"column":15}},"loc":{"start":{"line":42,"column":24},"end":{"line":54,"column":9}},"line":42},"5":{"name":"(anonymous_5)","decl":{"start":{"line":44,"column":69},"end":{"line":44,"column":70}},"loc":{"start":{"line":44,"column":82},"end":{"line":44,"column":115}},"line":44},"6":{"name":"(anonymous_6)","decl":{"start":{"line":45,"column":54},"end":{"line":45,"column":55}},"loc":{"start":{"line":45,"column":68},"end":{"line":45,"column":81}},"line":45},"7":{"name":"(anonymous_7)","decl":{"start":{"line":47,"column":37},"end":{"line":47,"column":38}},"loc":{"start":{"line":47,"column":50},"end":{"line":49,"column":17}},"line":47},"8":{"name":"(anonymous_8)","decl":{"start":{"line":55,"column":15},"end":{"line":55,"column":16}},"loc":{"start":{"line":55,"column":22},"end":{"line":55,"column":51}},"line":55},"9":{"name":"getAvailableProductsCategories","decl":{"start":{"line":59,"column":9},"end":{"line":59,"column":39}},"loc":{"start":{"line":59,"column":41},"end":{"line":86,"column":1}},"line":59},"10":{"name":"(anonymous_10)","decl":{"start":{"line":69,"column":14},"end":{"line":69,"column":15}},"loc":{"start":{"line":69,"column":21},"end":{"line":69,"column":31}},"line":69},"11":{"name":"(anonymous_11)","decl":{"start":{"line":70,"column":14},"end":{"line":70,"column":15}},"loc":{"start":{"line":70,"column":24},"end":{"line":83,"column":9}},"line":70},"12":{"name":"(anonymous_12)","decl":{"start":{"line":73,"column":61},"end":{"line":73,"column":62}},"loc":{"start":{"line":73,"column":70},"end":{"line":73,"column":82}},"line":73},"13":{"name":"(anonymous_13)","decl":{"start":{"line":76,"column":37},"end":{"line":76,"column":38}},"loc":{"start":{"line":76,"column":47},"end":{"line":78,"column":17}},"line":76},"14":{"name":"(anonymous_14)","decl":{"start":{"line":84,"column":15},"end":{"line":84,"column":16}},"loc":{"start":{"line":84,"column":22},"end":{"line":84,"column":51}},"line":84},"15":{"name":"popPrice","decl":{"start":{"line":90,"column":9},"end":{"line":90,"column":17}},"loc":{"start":{"line":90,"column":19},"end":{"line":93,"column":1}},"line":90},"16":{"name":"popSelectedProductPrice","decl":{"start":{"line":94,"column":9},"end":{"line":94,"column":32}},"loc":{"start":{"line":94,"column":49},"end":{"line":118,"column":1}},"line":94},"17":{"name":"(anonymous_17)","decl":{"start":{"line":104,"column":14},"end":{"line":104,"column":15}},"loc":{"start":{"line":104,"column":21},"end":{"line":104,"column":31}},"line":104},"18":{"name":"(anonymous_18)","decl":{"start":{"line":105,"column":14},"end":{"line":105,"column":15}},"loc":{"start":{"line":105,"column":24},"end":{"line":116,"column":9}},"line":105},"19":{"name":"(anonymous_19)","decl":{"start":{"line":107,"column":69},"end":{"line":107,"column":70}},"loc":{"start":{"line":107,"column":82},"end":{"line":107,"column":114}},"line":107},"20":{"name":"(anonymous_20)","decl":{"start":{"line":117,"column":15},"end":{"line":117,"column":16}},"loc":{"start":{"line":117,"column":22},"end":{"line":117,"column":51}},"line":117},"21":{"name":"addUnitTotal","decl":{"start":{"line":121,"column":9},"end":{"line":121,"column":21}},"loc":{"start":{"line":121,"column":23},"end":{"line":127,"column":1}},"line":121},"22":{"name":"addToCart","decl":{"start":{"line":131,"column":9},"end":{"line":131,"column":18}},"loc":{"start":{"line":131,"column":21},"end":{"line":138,"column":1}},"line":131},"23":{"name":"addCartItem","decl":{"start":{"line":140,"column":9},"end":{"line":140,"column":20}},"loc":{"start":{"line":140,"column":22},"end":{"line":156,"column":1}},"line":140},"24":{"name":"displayCartItems","decl":{"start":{"line":157,"column":9},"end":{"line":157,"column":25}},"loc":{"start":{"line":157,"column":27},"end":{"line":171,"column":1}},"line":157},"25":{"name":"(anonymous_25)","decl":{"start":{"line":158,"column":21},"end":{"line":158,"column":22}},"loc":{"start":{"line":158,"column":43},"end":{"line":170,"column":5}},"line":158},"26":{"name":"cartTotal","decl":{"start":{"line":173,"column":9},"end":{"line":173,"column":18}},"loc":{"start":{"line":173,"column":20},"end":{"line":179,"column":1}},"line":173},"27":{"name":"(anonymous_27)","decl":{"start":{"line":175,"column":41},"end":{"line":175,"column":42}},"loc":{"start":{"line":175,"column":49},"end":{"line":175,"column":72}},"line":175},"28":{"name":"(anonymous_28)","decl":{"start":{"line":176,"column":41},"end":{"line":176,"column":42}},"loc":{"start":{"line":176,"column":62},"end":{"line":176,"column":78}},"line":176},"29":{"name":"clearField","decl":{"start":{"line":180,"column":9},"end":{"line":180,"column":19}},"loc":{"start":{"line":180,"column":21},"end":{"line":186,"column":1}},"line":180},"30":{"name":"deleteCartItem","decl":{"start":{"line":190,"column":9},"end":{"line":190,"column":23}},"loc":{"start":{"line":190,"column":26},"end":{"line":200,"column":1}},"line":190},"31":{"name":"setItemToEdit","decl":{"start":{"line":201,"column":9},"end":{"line":201,"column":22}},"loc":{"start":{"line":201,"column":25},"end":{"line":219,"column":1}},"line":201},"32":{"name":"editCartItem","decl":{"start":{"line":220,"column":9},"end":{"line":220,"column":21}},"loc":{"start":{"line":220,"column":23},"end":{"line":237,"column":1}},"line":220},"33":{"name":"editMain","decl":{"start":{"line":238,"column":9},"end":{"line":238,"column":17}},"loc":{"start":{"line":238,"column":20},"end":{"line":240,"column":1}},"line":238},"34":{"name":"doAsPlanned","decl":{"start":{"line":243,"column":9},"end":{"line":243,"column":20}},"loc":{"start":{"line":243,"column":23},"end":{"line":250,"column":1}},"line":243},"35":{"name":"checkout","decl":{"start":{"line":256,"column":9},"end":{"line":256,"column":17}},"loc":{"start":{"line":256,"column":19},"end":{"line":258,"column":1}},"line":256},"36":{"name":"createSalesFunctionality","decl":{"start":{"line":260,"column":9},"end":{"line":260,"column":33}},"loc":{"start":{"line":260,"column":35},"end":{"line":273,"column":1}},"line":260},"37":{"name":"(anonymous_37)","decl":{"start":{"line":261,"column":21},"end":{"line":261,"column":22}},"loc":{"start":{"line":261,"column":31},"end":{"line":271,"column":5}},"line":261},"38":{"name":"getAvailableProductQty","decl":{"start":{"line":274,"column":9},"end":{"line":274,"column":31}},"loc":{"start":{"line":274,"column":41},"end":{"line":295,"column":1}},"line":274},"39":{"name":"(anonymous_39)","decl":{"start":{"line":284,"column":14},"end":{"line":284,"column":15}},"loc":{"start":{"line":284,"column":21},"end":{"line":284,"column":31}},"line":284},"40":{"name":"(anonymous_40)","decl":{"start":{"line":285,"column":14},"end":{"line":285,"column":15}},"loc":{"start":{"line":285,"column":24},"end":{"line":293,"column":9}},"line":285},"41":{"name":"(anonymous_41)","decl":{"start":{"line":294,"column":15},"end":{"line":294,"column":16}},"loc":{"start":{"line":294,"column":22},"end":{"line":294,"column":51}},"line":294},"42":{"name":"updateAvailableProductQty","decl":{"start":{"line":296,"column":9},"end":{"line":296,"column":34}},"loc":{"start":{"line":296,"column":57},"end":{"line":319,"column":1}},"line":296},"43":{"name":"(anonymous_43)","decl":{"start":{"line":309,"column":14},"end":{"line":309,"column":15}},"loc":{"start":{"line":309,"column":21},"end":{"line":309,"column":31}},"line":309},"44":{"name":"(anonymous_44)","decl":{"start":{"line":310,"column":14},"end":{"line":310,"column":15}},"loc":{"start":{"line":310,"column":21},"end":{"line":317,"column":9}},"line":310},"45":{"name":"(anonymous_45)","decl":{"start":{"line":318,"column":15},"end":{"line":318,"column":16}},"loc":{"start":{"line":318,"column":22},"end":{"line":318,"column":51}},"line":318},"46":{"name":"createSalesRecord","decl":{"start":{"line":320,"column":9},"end":{"line":320,"column":26}},"loc":{"start":{"line":320,"column":35},"end":{"line":344,"column":1}},"line":320},"47":{"name":"(anonymous_47)","decl":{"start":{"line":335,"column":14},"end":{"line":335,"column":15}},"loc":{"start":{"line":335,"column":21},"end":{"line":335,"column":31}},"line":335},"48":{"name":"(anonymous_48)","decl":{"start":{"line":336,"column":14},"end":{"line":336,"column":15}},"loc":{"start":{"line":336,"column":21},"end":{"line":342,"column":9}},"line":336},"49":{"name":"(anonymous_49)","decl":{"start":{"line":343,"column":15},"end":{"line":343,"column":16}},"loc":{"start":{"line":343,"column":22},"end":{"line":343,"column":51}},"line":343},"50":{"name":"printReceipt","decl":{"start":{"line":345,"column":9},"end":{"line":345,"column":21}},"loc":{"start":{"line":345,"column":23},"end":{"line":348,"column":1}},"line":345}},"branchMap":{"0":{"loc":{"start":{"line":9,"column":0},"end":{"line":11,"column":1}},"type":"if","locations":[{"start":{"line":9,"column":0},"end":{"line":11,"column":1}},{"start":{"line":9,"column":0},"end":{"line":11,"column":1}}],"line":9},"1":{"loc":{"start":{"line":43,"column":12},"end":{"line":51,"column":13}},"type":"if","locations":[{"start":{"line":43,"column":12},"end":{"line":51,"column":13}},{"start":{"line":43,"column":12},"end":{"line":51,"column":13}}],"line":43},"2":{"loc":{"start":{"line":71,"column":12},"end":{"line":80,"column":13}},"type":"if","locations":[{"start":{"line":71,"column":12},"end":{"line":80,"column":13}},{"start":{"line":71,"column":12},"end":{"line":80,"column":13}}],"line":71},"3":{"loc":{"start":{"line":106,"column":12},"end":{"line":113,"column":13}},"type":"if","locations":[{"start":{"line":106,"column":12},"end":{"line":113,"column":13}},{"start":{"line":106,"column":12},"end":{"line":113,"column":13}}],"line":106},"4":{"loc":{"start":{"line":141,"column":4},"end":{"line":143,"column":5}},"type":"if","locations":[{"start":{"line":141,"column":4},"end":{"line":143,"column":5}},{"start":{"line":141,"column":4},"end":{"line":143,"column":5}}],"line":141},"5":{"loc":{"start":{"line":150,"column":4},"end":{"line":152,"column":5}},"type":"if","locations":[{"start":{"line":150,"column":4},"end":{"line":152,"column":5}},{"start":{"line":150,"column":4},"end":{"line":152,"column":5}}],"line":150},"6":{"loc":{"start":{"line":150,"column":7},"end":{"line":150,"column":85}},"type":"binary-expr","locations":[{"start":{"line":150,"column":7},"end":{"line":150,"column":22}},{"start":{"line":150,"column":26},"end":{"line":150,"column":39}},{"start":{"line":150,"column":43},"end":{"line":150,"column":54}},{"start":{"line":150,"column":58},"end":{"line":150,"column":67}},{"start":{"line":150,"column":71},"end":{"line":150,"column":85}}],"line":150},"7":{"loc":{"start":{"line":174,"column":4},"end":{"line":178,"column":5}},"type":"if","locations":[{"start":{"line":174,"column":4},"end":{"line":178,"column":5}},{"start":{"line":174,"column":4},"end":{"line":178,"column":5}}],"line":174},"8":{"loc":{"start":{"line":194,"column":4},"end":{"line":199,"column":5}},"type":"if","locations":[{"start":{"line":194,"column":4},"end":{"line":199,"column":5}},{"start":{"line":194,"column":4},"end":{"line":199,"column":5}}],"line":194},"9":{"loc":{"start":{"line":205,"column":4},"end":{"line":217,"column":5}},"type":"if","locations":[{"start":{"line":205,"column":4},"end":{"line":217,"column":5}},{"start":{"line":205,"column":4},"end":{"line":217,"column":5}}],"line":205},"10":{"loc":{"start":{"line":228,"column":4},"end":{"line":230,"column":5}},"type":"if","locations":[{"start":{"line":228,"column":4},"end":{"line":230,"column":5}},{"start":{"line":228,"column":4},"end":{"line":230,"column":5}}],"line":228},"11":{"loc":{"start":{"line":228,"column":7},"end":{"line":228,"column":85}},"type":"binary-expr","locations":[{"start":{"line":228,"column":7},"end":{"line":228,"column":22}},{"start":{"line":228,"column":26},"end":{"line":228,"column":39}},{"start":{"line":228,"column":43},"end":{"line":228,"column":54}},{"start":{"line":228,"column":58},"end":{"line":228,"column":67}},{"start":{"line":228,"column":71},"end":{"line":228,"column":85}}],"line":228},"12":{"loc":{"start":{"line":244,"column":4},"end":{"line":246,"column":5}},"type":"if","locations":[{"start":{"line":244,"column":4},"end":{"line":246,"column":5}},{"start":{"line":244,"column":4},"end":{"line":246,"column":5}}],"line":244},"13":{"loc":{"start":{"line":247,"column":4},"end":{"line":249,"column":5}},"type":"if","locations":[{"start":{"line":247,"column":4},"end":{"line":249,"column":5}},{"start":{"line":247,"column":4},"end":{"line":249,"column":5}}],"line":247},"14":{"loc":{"start":{"line":286,"column":12},"end":{"line":290,"column":13}},"type":"if","locations":[{"start":{"line":286,"column":12},"end":{"line":290,"column":13}},{"start":{"line":286,"column":12},"end":{"line":290,"column":13}}],"line":286},"15":{"loc":{"start":{"line":311,"column":12},"end":{"line":314,"column":13}},"type":"if","locations":[{"start":{"line":311,"column":12},"end":{"line":314,"column":13}},{"start":{"line":311,"column":12},"end":{"line":314,"column":13}}],"line":311},"16":{"loc":{"start":{"line":337,"column":12},"end":{"line":339,"column":13}},"type":"if","locations":[{"start":{"line":337,"column":12},"end":{"line":339,"column":13}},{"start":{"line":337,"column":12},"end":{"line":339,"column":13}}],"line":337}},"s":{"0":0,"1":0,"2":0,"3":0,"4":0,"5":0,"6":0,"7":0,"8":0,"9":0,"10":0,"11":0,"12":0,"13":0,"14":0,"15":0,"16":0,"17":0,"18":0,"19":0,"20":0,"21":0,"22":0,"23":0,"24":0,"25":0,"26":0,"27":0,"28":0,"29":0,"30":0,"31":0,"32":0,"33":0,"34":0,"35":0,"36":0,"37":0,"38":0,"39":0,"40":0,"41":0,"42":0,"43":0,"44":0,"45":0,"46":0,"47":0,"48":0,"49":0,"50":0,"51":0,"52":0,"53":0,"54":0,"55":0,"56":0,"57":0,"58":0,"59":0,"60":0,"61":0,"62":0,"63":0,"64":0,"65":0,"66":0,"67":0,"68":0,"69":0,"70":0,"71":0,"72":0,"73":0,"74":0,"75":0,"76":0,"77":0,"78":0,"79":0,"80":0,"81":0,"82":0,"83":0,"84":0,"85":0,"86":0,"87":0,"88":0,"89":0,"90":0,"91":0,"92":0,"93":0,"94":0,"95":0,"96":0,"97":0,"98":0,"99":0,"100":0,"101":0,"102":0,"103":0,"104":0,"105":0,"106":0,"107":0,"108":0,"109":0,"110":0,"111":0,"112":0,"113":0,"114":0,"115":0,"116":0,"117":0,"118":0,"119":0,"120":0,"121":0,"122":0,"123":0,"124":0,"125":0,"126":0,"127":0,"128":0,"129":0,"130":0,"131":0,"132":0,"133":0,"134":0,"135":0,"136":0,"137":0,"138":0,"139":0,"140":0,"141":0,"142":0,"143":0,"144":0,"145":0,"146":0,"147":0,"148":0,"149":0,"150":0,"151":0,"152":0,"153":0,"154":0,"155":0,"156":0,"157":0,"158":0,"159":0,"160":0,"161":0,"162":0,"163":0,"164":0,"165":0,"166":0,"167":0,"168":0,"169":0,"170":0,"171":0,"172":0,"173":0,"174":0,"175":0,"176":0,"177":0,"178":0,"179":0,"180":0,"181":0,"182":0,"183":0,"184":0,"185":0,"186":0,"187":0,"188":0},"f":{"0":0,"1":0,"2":0,"3":0,"4":0,"5":0,"6":0,"7":0,"8":0,"9":0,"10":0,"11":0,"12":0,"13":0,"14":0,"15":0,"16":0,"17":0,"18":0,"19":0,"20":0,"21":0,"22":0,"23":0,"24":0,"25":0,"26":0,"27":0,"28":0,"29":0,"30":0,"31":0,"32":0,"33":0,"34":0,"35":0,"36":0,"37":0,"38":0,"39":0,"40":0,"41":0,"42":0,"43":0,"44":0,"45":0,"46":0,"47":0,"48":0,"49":0,"50":0},"b":{"0":[0,0],"1":[0,0],"2":[0,0],"3":[0,0],"4":[0,0],"5":[0,0],"6":[0,0,0,0,0],"7":[0,0],"8":[0,0],"9":[0,0],"10":[0,0],"11":[0,0,0,0,0],"12":[0,0],"13":[0,0],"14":[0,0],"15":[0,0],"16":[0,0]}}
,"/Users/goodnesseze/Desktop/project/storeManus-react/src/js/jwt-decode.min.js": {"path":"/Users/goodnesseze/Desktop/project/storeManus-react/src/js/jwt-decode.min.js","statementMap":{"0":{"start":{"line":1,"column":0},"end":{"line":1,"column":2189}},"1":{"start":{"line":1,"column":35},"end":{"line":1,"column":335}},"2":{"start":{"line":1,"column":45},"end":{"line":1,"column":221}},"3":{"start":{"line":1,"column":61},"end":{"line":1,"column":96}},"4":{"start":{"line":1,"column":97},"end":{"line":1,"column":121}},"5":{"start":{"line":1,"column":106},"end":{"line":1,"column":121}},"6":{"start":{"line":1,"column":121},"end":{"line":1,"column":141}},"7":{"start":{"line":1,"column":126},"end":{"line":1,"column":141}},"8":{"start":{"line":1,"column":147},"end":{"line":1,"column":186}},"9":{"start":{"line":1,"column":187},"end":{"line":1,"column":220}},"10":{"start":{"line":1,"column":227},"end":{"line":1,"column":244}},"11":{"start":{"line":1,"column":245},"end":{"line":1,"column":334}},"12":{"start":{"line":1,"column":286},"end":{"line":1,"column":296}},"13":{"start":{"line":1,"column":297},"end":{"line":1,"column":312}},"14":{"start":{"line":1,"column":335},"end":{"line":1,"column":354}},"15":{"start":{"line":1,"column":355},"end":{"line":1,"column":428}},"16":{"start":{"line":1,"column":365},"end":{"line":1,"column":400}},"17":{"start":{"line":1,"column":403},"end":{"line":1,"column":404}},"18":{"start":{"line":1,"column":420},"end":{"line":1,"column":428}},"19":{"start":{"line":1,"column":428},"end":{"line":1,"column":436}},"20":{"start":{"line":1,"column":472},"end":{"line":1,"column":486}},"21":{"start":{"line":1,"column":507},"end":{"line":1,"column":534}},"22":{"start":{"line":1,"column":535},"end":{"line":1,"column":633}},"23":{"start":{"line":1,"column":552},"end":{"line":1,"column":633}},"24":{"start":{"line":1,"column":633},"end":{"line":1,"column":758}},"25":{"start":{"line":1,"column":647},"end":{"line":1,"column":648}},"26":{"start":{"line":1,"column":651},"end":{"line":1,"column":652}},"27":{"start":{"line":1,"column":655},"end":{"line":1,"column":657}},"28":{"start":{"line":1,"column":743},"end":{"line":1,"column":758}},"29":{"start":{"line":1,"column":758},"end":{"line":1,"column":766}},"30":{"start":{"line":1,"column":773},"end":{"line":1,"column":840}},"31":{"start":{"line":1,"column":841},"end":{"line":1,"column":982}},"32":{"start":{"line":1,"column":1021},"end":{"line":1,"column":1167}},"33":{"start":{"line":1,"column":1087},"end":{"line":1,"column":1129}},"34":{"start":{"line":1,"column":1130},"end":{"line":1,"column":1164}},"35":{"start":{"line":1,"column":1174},"end":{"line":1,"column":1185}},"36":{"start":{"line":1,"column":1186},"end":{"line":1,"column":1404}},"37":{"start":{"line":1,"column":1214},"end":{"line":1,"column":1251}},"38":{"start":{"line":1,"column":1252},"end":{"line":1,"column":1366}},"39":{"start":{"line":1,"column":1278},"end":{"line":1,"column":1284}},"40":{"start":{"line":1,"column":1291},"end":{"line":1,"column":1299}},"41":{"start":{"line":1,"column":1299},"end":{"line":1,"column":1305}},"42":{"start":{"line":1,"column":1312},"end":{"line":1,"column":1319}},"43":{"start":{"line":1,"column":1319},"end":{"line":1,"column":1325}},"44":{"start":{"line":1,"column":1333},"end":{"line":1,"column":1365}},"45":{"start":{"line":1,"column":1366},"end":{"line":1,"column":1403}},"46":{"start":{"line":1,"column":1370},"end":{"line":1,"column":1381}},"47":{"start":{"line":1,"column":1391},"end":{"line":1,"column":1402}},"48":{"start":{"line":1,"column":1466},"end":{"line":1,"column":1480}},"49":{"start":{"line":1,"column":1487},"end":{"line":1,"column":1511}},"50":{"start":{"line":1,"column":1512},"end":{"line":1,"column":1821}},"51":{"start":{"line":1,"column":1595},"end":{"line":1,"column":1656}},"52":{"start":{"line":1,"column":1617},"end":{"line":1,"column":1656}},"53":{"start":{"line":1,"column":1656},"end":{"line":1,"column":1664}},"54":{"start":{"line":1,"column":1670},"end":{"line":1,"column":1687}},"55":{"start":{"line":1,"column":1688},"end":{"line":1,"column":1790}},"56":{"start":{"line":1,"column":1692},"end":{"line":1,"column":1729}},"57":{"start":{"line":1,"column":1739},"end":{"line":1,"column":1789}},"58":{"start":{"line":1,"column":1869},"end":{"line":1,"column":2159}},"59":{"start":{"line":1,"column":1888},"end":{"line":1,"column":1904}},"60":{"start":{"line":1,"column":1905},"end":{"line":1,"column":2045}},"61":{"start":{"line":1,"column":2001},"end":{"line":1,"column":2009}}},"fnMap":{"0":{"name":"a","decl":{"start":{"line":1,"column":10},"end":{"line":1,"column":11}},"loc":{"start":{"line":1,"column":18},"end":{"line":1,"column":437}},"line":1},"1":{"name":"e","decl":{"start":{"line":1,"column":28},"end":{"line":1,"column":29}},"loc":{"start":{"line":1,"column":34},"end":{"line":1,"column":355}},"line":1},"2":{"name":"(anonymous_2)","decl":{"start":{"line":1,"column":268},"end":{"line":1,"column":269}},"loc":{"start":{"line":1,"column":279},"end":{"line":1,"column":313}},"line":1},"3":{"name":"(anonymous_3)","decl":{"start":{"line":1,"column":442},"end":{"line":1,"column":443}},"loc":{"start":{"line":1,"column":457},"end":{"line":1,"column":983}},"line":1},"4":{"name":"d","decl":{"start":{"line":1,"column":467},"end":{"line":1,"column":468}},"loc":{"start":{"line":1,"column":471},"end":{"line":1,"column":487}},"line":1},"5":{"name":"e","decl":{"start":{"line":1,"column":496},"end":{"line":1,"column":497}},"loc":{"start":{"line":1,"column":500},"end":{"line":1,"column":767}},"line":1},"6":{"name":"(anonymous_6)","decl":{"start":{"line":1,"column":991},"end":{"line":1,"column":992}},"loc":{"start":{"line":1,"column":1006},"end":{"line":1,"column":1405}},"line":1},"7":{"name":"d","decl":{"start":{"line":1,"column":1016},"end":{"line":1,"column":1017}},"loc":{"start":{"line":1,"column":1020},"end":{"line":1,"column":1168}},"line":1},"8":{"name":"(anonymous_8)","decl":{"start":{"line":1,"column":1067},"end":{"line":1,"column":1068}},"loc":{"start":{"line":1,"column":1080},"end":{"line":1,"column":1165}},"line":1},"9":{"name":"(anonymous_9)","decl":{"start":{"line":1,"column":1196},"end":{"line":1,"column":1197}},"loc":{"start":{"line":1,"column":1207},"end":{"line":1,"column":1404}},"line":1},"10":{"name":"(anonymous_10)","decl":{"start":{"line":1,"column":1423},"end":{"line":1,"column":1424}},"loc":{"start":{"line":1,"column":1438},"end":{"line":1,"column":1822}},"line":1},"11":{"name":"d","decl":{"start":{"line":1,"column":1461},"end":{"line":1,"column":1462}},"loc":{"start":{"line":1,"column":1465},"end":{"line":1,"column":1481}},"line":1},"12":{"name":"(anonymous_12)","decl":{"start":{"line":1,"column":1581},"end":{"line":1,"column":1582}},"loc":{"start":{"line":1,"column":1594},"end":{"line":1,"column":1791}},"line":1},"13":{"name":"(anonymous_13)","decl":{"start":{"line":1,"column":1853},"end":{"line":1,"column":1854}},"loc":{"start":{"line":1,"column":1868},"end":{"line":1,"column":2160}},"line":1},"14":{"name":"(anonymous_14)","decl":{"start":{"line":1,"column":1870},"end":{"line":1,"column":1871}},"loc":{"start":{"line":1,"column":1881},"end":{"line":1,"column":2046}},"line":1},"15":{"name":"(anonymous_15)","decl":{"start":{"line":1,"column":1990},"end":{"line":1,"column":1991}},"loc":{"start":{"line":1,"column":2000},"end":{"line":1,"column":2010}},"line":1}},"branchMap":{"0":{"loc":{"start":{"line":1,"column":35},"end":{"line":1,"column":335}},"type":"if","locations":[{"start":{"line":1,"column":35},"end":{"line":1,"column":335}},{"start":{"line":1,"column":35},"end":{"line":1,"column":335}}],"line":1},"1":{"loc":{"start":{"line":1,"column":45},"end":{"line":1,"column":221}},"type":"if","locations":[{"start":{"line":1,"column":45},"end":{"line":1,"column":221}},{"start":{"line":1,"column":45},"end":{"line":1,"column":221}}],"line":1},"2":{"loc":{"start":{"line":1,"column":61},"end":{"line":1,"column":96}},"type":"binary-expr","locations":[{"start":{"line":1,"column":61},"end":{"line":1,"column":87}},{"start":{"line":1,"column":89},"end":{"line":1,"column":96}}],"line":1},"3":{"loc":{"start":{"line":1,"column":97},"end":{"line":1,"column":121}},"type":"if","locations":[{"start":{"line":1,"column":97},"end":{"line":1,"column":121}},{"start":{"line":1,"column":97},"end":{"line":1,"column":121}}],"line":1},"4":{"loc":{"start":{"line":1,"column":100},"end":{"line":1,"column":105}},"type":"binary-expr","locations":[{"start":{"line":1,"column":100},"end":{"line":1,"column":102}},{"start":{"line":1,"column":104},"end":{"line":1,"column":105}}],"line":1},"5":{"loc":{"start":{"line":1,"column":121},"end":{"line":1,"column":141}},"type":"if","locations":[{"start":{"line":1,"column":121},"end":{"line":1,"column":141}},{"start":{"line":1,"column":121},"end":{"line":1,"column":141}}],"line":1},"6":{"loc":{"start":{"line":1,"column":306},"end":{"line":1,"column":311}},"type":"cond-expr","locations":[{"start":{"line":1,"column":308},"end":{"line":1,"column":309}},{"start":{"line":1,"column":310},"end":{"line":1,"column":311}}],"line":1},"7":{"loc":{"start":{"line":1,"column":365},"end":{"line":1,"column":400}},"type":"binary-expr","locations":[{"start":{"line":1,"column":365},"end":{"line":1,"column":391}},{"start":{"line":1,"column":393},"end":{"line":1,"column":400}}],"line":1},"8":{"loc":{"start":{"line":1,"column":535},"end":{"line":1,"column":633}},"type":"if","locations":[{"start":{"line":1,"column":535},"end":{"line":1,"column":633}},{"start":{"line":1,"column":535},"end":{"line":1,"column":633}}],"line":1},"9":{"loc":{"start":{"line":1,"column":674},"end":{"line":1,"column":742}},"type":"cond-expr","locations":[{"start":{"line":1,"column":701},"end":{"line":1,"column":740}},{"start":{"line":1,"column":741},"end":{"line":1,"column":742}}],"line":1},"10":{"loc":{"start":{"line":1,"column":674},"end":{"line":1,"column":700}},"type":"binary-expr","locations":[{"start":{"line":1,"column":674},"end":{"line":1,"column":676}},{"start":{"line":1,"column":679},"end":{"line":1,"column":699}}],"line":1},"11":{"loc":{"start":{"line":1,"column":681},"end":{"line":1,"column":693}},"type":"cond-expr","locations":[{"start":{"line":1,"column":685},"end":{"line":1,"column":691}},{"start":{"line":1,"column":692},"end":{"line":1,"column":693}}],"line":1},"12":{"loc":{"start":{"line":1,"column":914},"end":{"line":1,"column":982}},"type":"binary-expr","locations":[{"start":{"line":1,"column":914},"end":{"line":1,"column":940}},{"start":{"line":1,"column":942},"end":{"line":1,"column":953}},{"start":{"line":1,"column":955},"end":{"line":1,"column":979}},{"start":{"line":1,"column":981},"end":{"line":1,"column":982}}],"line":1},"13":{"loc":{"start":{"line":1,"column":1137},"end":{"line":1,"column":1158}},"type":"binary-expr","locations":[{"start":{"line":1,"column":1137},"end":{"line":1,"column":1147}},{"start":{"line":1,"column":1150},"end":{"line":1,"column":1157}}],"line":1},"14":{"loc":{"start":{"line":1,"column":1252},"end":{"line":1,"column":1366}},"type":"switch","locations":[{"start":{"line":1,"column":1271},"end":{"line":1,"column":1284}},{"start":{"line":1,"column":1284},"end":{"line":1,"column":1305}},{"start":{"line":1,"column":1305},"end":{"line":1,"column":1325}},{"start":{"line":1,"column":1325},"end":{"line":1,"column":1365}}],"line":1},"15":{"loc":{"start":{"line":1,"column":1595},"end":{"line":1,"column":1656}},"type":"if","locations":[{"start":{"line":1,"column":1595},"end":{"line":1,"column":1656}},{"start":{"line":1,"column":1595},"end":{"line":1,"column":1656}}],"line":1},"16":{"loc":{"start":{"line":1,"column":1658},"end":{"line":1,"column":1663}},"type":"binary-expr","locations":[{"start":{"line":1,"column":1658},"end":{"line":1,"column":1659}},{"start":{"line":1,"column":1661},"end":{"line":1,"column":1663}}],"line":1},"17":{"loc":{"start":{"line":1,"column":1670},"end":{"line":1,"column":1687}},"type":"cond-expr","locations":[{"start":{"line":1,"column":1684},"end":{"line":1,"column":1685}},{"start":{"line":1,"column":1686},"end":{"line":1,"column":1687}}],"line":1},"18":{"loc":{"start":{"line":1,"column":1905},"end":{"line":1,"column":2045}},"type":"cond-expr","locations":[{"start":{"line":1,"column":1961},"end":{"line":1,"column":2011}},{"start":{"line":1,"column":2012},"end":{"line":1,"column":2045}}],"line":1},"19":{"loc":{"start":{"line":1,"column":1905},"end":{"line":1,"column":1960}},"type":"binary-expr","locations":[{"start":{"line":1,"column":1905},"end":{"line":1,"column":1939}},{"start":{"line":1,"column":1941},"end":{"line":1,"column":1960}}],"line":1},"20":{"loc":{"start":{"line":1,"column":2012},"end":{"line":1,"column":2045}},"type":"binary-expr","locations":[{"start":{"line":1,"column":2012},"end":{"line":1,"column":2020}},{"start":{"line":1,"column":2023},"end":{"line":1,"column":2044}}],"line":1},"21":{"loc":{"start":{"line":1,"column":2058},"end":{"line":1,"column":2158}},"type":"cond-expr","locations":[{"start":{"line":1,"column":2085},"end":{"line":1,"column":2091}},{"start":{"line":1,"column":2092},"end":{"line":1,"column":2158}}],"line":1},"22":{"loc":{"start":{"line":1,"column":2092},"end":{"line":1,"column":2158}},"type":"cond-expr","locations":[{"start":{"line":1,"column":2117},"end":{"line":1,"column":2121}},{"start":{"line":1,"column":2122},"end":{"line":1,"column":2158}}],"line":1},"23":{"loc":{"start":{"line":1,"column":2122},"end":{"line":1,"column":2158}},"type":"cond-expr","locations":[{"start":{"line":1,"column":2149},"end":{"line":1,"column":2155}},{"start":{"line":1,"column":2156},"end":{"line":1,"column":2158}}],"line":1}},"s":{"0":0,"1":0,"2":0,"3":0,"4":0,"5":0,"6":0,"7":0,"8":0,"9":0,"10":0,"11":0,"12":0,"13":0,"14":0,"15":0,"16":0,"17":0,"18":0,"19":0,"20":0,"21":0,"22":0,"23":0,"24":0,"25":0,"26":0,"27":0,"28":0,"29":0,"30":0,"31":0,"32":0,"33":0,"34":0,"35":0,"36":0,"37":0,"38":0,"39":0,"40":0,"41":0,"42":0,"43":0,"44":0,"45":0,"46":0,"47":0,"48":0,"49":0,"50":0,"51":0,"52":0,"53":0,"54":0,"55":0,"56":0,"57":0,"58":0,"59":0,"60":0,"61":0},"f":{"0":0,"1":0,"2":0,"3":0,"4":0,"5":0,"6":0,"7":0,"8":0,"9":0,"10":0,"11":0,"12":0,"13":0,"14":0,"15":0},"b":{"0":[0,0],"1":[0,0],"2":[0,0],"3":[0,0],"4":[0,0],"5":[0,0],"6":[0,0],"7":[0,0],"8":[0,0],"9":[0,0],"10":[0,0],"11":[0,0],"12":[0,0,0,0],"13":[0,0],"14":[0,0,0,0],"15":[0,0],"16":[0,0],"17":[0,0],"18":[0,0],"19":[0,0],"20":[0,0],"21":[0,0],"22":[0,0],"23":[0,0]}}
,"/Users/goodnesseze/Desktop/project/storeManus-react/src/js/loadash.js": {"path":"/Users/goodnesseze/Desktop/project/storeManus-react/src/js/loadash.js","statementMap":{"0":{"start":{"line":10,"column":1},"end":{"line":3854,"column":16}},"1":{"start":{"line":16,"column":18},"end":{"line":16,"column":27}},"2":{"start":{"line":19,"column":26},"end":{"line":19,"column":47}},"3":{"start":{"line":22,"column":31},"end":{"line":22,"column":32}},"4":{"start":{"line":23,"column":33},"end":{"line":23,"column":34}},"5":{"start":{"line":26,"column":25},"end":{"line":26,"column":26}},"6":{"start":{"line":27,"column":28},"end":{"line":27,"column":30}},"7":{"start":{"line":30,"column":19},"end":{"line":30,"column":24}},"8":{"start":{"line":31,"column":27},"end":{"line":31,"column":43}},"9":{"start":{"line":34,"column":18},"end":{"line":34,"column":38}},"10":{"start":{"line":35,"column":19},"end":{"line":35,"column":35}},"11":{"start":{"line":36,"column":19},"end":{"line":36,"column":43}},"12":{"start":{"line":37,"column":18},"end":{"line":37,"column":36}},"13":{"start":{"line":38,"column":18},"end":{"line":38,"column":33}},"14":{"start":{"line":39,"column":19},"end":{"line":39,"column":35}},"15":{"start":{"line":40,"column":18},"end":{"line":40,"column":37}},"16":{"start":{"line":41,"column":17},"end":{"line":41,"column":45}},"17":{"start":{"line":42,"column":20},"end":{"line":42,"column":37}},"18":{"start":{"line":43,"column":20},"end":{"line":43,"column":37}},"19":{"start":{"line":44,"column":19},"end":{"line":44,"column":35}},"20":{"start":{"line":45,"column":20},"end":{"line":45,"column":37}},"21":{"start":{"line":46,"column":20},"end":{"line":46,"column":37}},"22":{"start":{"line":49,"column":26},"end":{"line":49,"column":36}},"23":{"start":{"line":50,"column":29},"end":{"line":50,"column":59}},"24":{"start":{"line":53,"column":19},"end":{"line":53,"column":37}},"25":{"start":{"line":56,"column":22},"end":{"line":62,"column":5}},"26":{"start":{"line":65,"column":21},"end":{"line":65,"column":94}},"27":{"start":{"line":68,"column":19},"end":{"line":68,"column":84}},"28":{"start":{"line":71,"column":15},"end":{"line":71,"column":66}},"29":{"start":{"line":74,"column":22},"end":{"line":74,"column":91}},"30":{"start":{"line":77,"column":21},"end":{"line":77,"column":101}},"31":{"start":{"line":90,"column":6},"end":{"line":90,"column":38}},"32":{"start":{"line":91,"column":6},"end":{"line":91,"column":19}},"33":{"start":{"line":106,"column":19},"end":{"line":106,"column":31}},"34":{"start":{"line":107,"column":18},"end":{"line":107,"column":50}},"35":{"start":{"line":109,"column":6},"end":{"line":113,"column":7}},"36":{"start":{"line":110,"column":8},"end":{"line":112,"column":9}},"37":{"start":{"line":111,"column":10},"end":{"line":111,"column":23}},"38":{"start":{"line":114,"column":6},"end":{"line":114,"column":16}},"39":{"start":{"line":125,"column":6},"end":{"line":127,"column":8}},"40":{"start":{"line":126,"column":8},"end":{"line":126,"column":56}},"41":{"start":{"line":138,"column":6},"end":{"line":140,"column":8}},"42":{"start":{"line":139,"column":8},"end":{"line":139,"column":56}},"43":{"start":{"line":157,"column":6},"end":{"line":161,"column":9}},"44":{"start":{"line":158,"column":8},"end":{"line":160,"column":60}},"45":{"start":{"line":162,"column":6},"end":{"line":162,"column":25}},"46":{"start":{"line":176,"column":6},"end":{"line":178,"column":9}},"47":{"start":{"line":177,"column":8},"end":{"line":177,"column":27}},"48":{"start":{"line":188,"column":25},"end":{"line":188,"column":52}},"49":{"start":{"line":199,"column":6},"end":{"line":201,"column":8}},"50":{"start":{"line":200,"column":8},"end":{"line":200,"column":36}},"51":{"start":{"line":207,"column":21},"end":{"line":207,"column":36}},"52":{"start":{"line":208,"column":22},"end":{"line":208,"column":38}},"53":{"start":{"line":211,"column":25},"end":{"line":211,"column":51}},"54":{"start":{"line":214,"column":20},"end":{"line":214,"column":21}},"55":{"start":{"line":221,"column":31},"end":{"line":221,"column":51}},"56":{"start":{"line":224,"column":18},"end":{"line":224,"column":24}},"57":{"start":{"line":227,"column":23},"end":{"line":227,"column":36}},"58":{"start":{"line":228,"column":31},"end":{"line":228,"column":63}},"59":{"start":{"line":231,"column":25},"end":{"line":231,"column":38}},"60":{"start":{"line":232,"column":21},"end":{"line":232,"column":49}},"61":{"start":{"line":233,"column":20},"end":{"line":233,"column":28}},"62":{"start":{"line":355,"column":6},"end":{"line":357,"column":35}},"63":{"start":{"line":368,"column":22},"end":{"line":382,"column":7}},"64":{"start":{"line":370,"column":6},"end":{"line":381,"column":8}},"65":{"start":{"line":371,"column":8},"end":{"line":373,"column":9}},"66":{"start":{"line":372,"column":10},"end":{"line":372,"column":20}},"67":{"start":{"line":374,"column":8},"end":{"line":376,"column":9}},"68":{"start":{"line":375,"column":10},"end":{"line":375,"column":37}},"69":{"start":{"line":377,"column":8},"end":{"line":377,"column":33}},"70":{"start":{"line":378,"column":21},"end":{"line":378,"column":31}},"71":{"start":{"line":379,"column":8},"end":{"line":379,"column":37}},"72":{"start":{"line":380,"column":8},"end":{"line":380,"column":22}},"73":{"start":{"line":392,"column":6},"end":{"line":392,"column":31}},"74":{"start":{"line":393,"column":6},"end":{"line":393,"column":28}},"75":{"start":{"line":394,"column":6},"end":{"line":394,"column":34}},"76":{"start":{"line":397,"column":4},"end":{"line":397,"column":59}},"77":{"start":{"line":398,"column":4},"end":{"line":398,"column":56}},"78":{"start":{"line":413,"column":21},"end":{"line":413,"column":32}},"79":{"start":{"line":414,"column":6},"end":{"line":417,"column":7}},"80":{"start":{"line":416,"column":8},"end":{"line":416,"column":44}},"81":{"start":{"line":430,"column":6},"end":{"line":430,"column":26}},"82":{"start":{"line":444,"column":6},"end":{"line":446,"column":7}},"83":{"start":{"line":445,"column":8},"end":{"line":445,"column":45}},"84":{"start":{"line":447,"column":6},"end":{"line":447,"column":75}},"85":{"start":{"line":447,"column":37},"end":{"line":447,"column":65}},"86":{"start":{"line":458,"column":19},"end":{"line":458,"column":45}},"87":{"start":{"line":470,"column":19},"end":{"line":470,"column":23}},"88":{"start":{"line":471,"column":6},"end":{"line":474,"column":9}},"89":{"start":{"line":472,"column":8},"end":{"line":472,"column":55}},"90":{"start":{"line":473,"column":8},"end":{"line":473,"column":22}},"91":{"start":{"line":475,"column":6},"end":{"line":475,"column":20}},"92":{"start":{"line":489,"column":18},"end":{"line":489,"column":20}},"93":{"start":{"line":490,"column":19},"end":{"line":490,"column":31}},"94":{"start":{"line":492,"column":6},"end":{"line":503,"column":7}},"95":{"start":{"line":493,"column":20},"end":{"line":493,"column":32}},"96":{"start":{"line":494,"column":22},"end":{"line":494,"column":37}},"97":{"start":{"line":496,"column":8},"end":{"line":502,"column":9}},"98":{"start":{"line":500,"column":25},"end":{"line":500,"column":32}},"99":{"start":{"line":501,"column":23},"end":{"line":501,"column":28}},"100":{"start":{"line":504,"column":6},"end":{"line":504,"column":20}},"101":{"start":{"line":516,"column":19},"end":{"line":516,"column":21}},"102":{"start":{"line":517,"column":6},"end":{"line":521,"column":9}},"103":{"start":{"line":518,"column":8},"end":{"line":520,"column":9}},"104":{"start":{"line":519,"column":10},"end":{"line":519,"column":29}},"105":{"start":{"line":522,"column":6},"end":{"line":522,"column":20}},"106":{"start":{"line":537,"column":18},"end":{"line":537,"column":20}},"107":{"start":{"line":538,"column":19},"end":{"line":538,"column":31}},"108":{"start":{"line":540,"column":6},"end":{"line":540,"column":47}},"109":{"start":{"line":541,"column":6},"end":{"line":541,"column":30}},"110":{"start":{"line":543,"column":6},"end":{"line":555,"column":7}},"111":{"start":{"line":544,"column":20},"end":{"line":544,"column":32}},"112":{"start":{"line":545,"column":8},"end":{"line":554,"column":9}},"113":{"start":{"line":546,"column":10},"end":{"line":551,"column":11}},"114":{"start":{"line":548,"column":12},"end":{"line":548,"column":71}},"115":{"start":{"line":550,"column":12},"end":{"line":550,"column":37}},"116":{"start":{"line":552,"column":15},"end":{"line":554,"column":9}},"117":{"start":{"line":553,"column":10},"end":{"line":553,"column":40}},"118":{"start":{"line":556,"column":6},"end":{"line":556,"column":20}},"119":{"start":{"line":570,"column":18},"end":{"line":570,"column":33}},"120":{"start":{"line":581,"column":6},"end":{"line":581,"column":55}},"121":{"start":{"line":594,"column":6},"end":{"line":596,"column":9}},"122":{"start":{"line":595,"column":8},"end":{"line":595,"column":39}},"123":{"start":{"line":607,"column":6},"end":{"line":607,"column":35}},"124":{"start":{"line":620,"column":6},"end":{"line":620,"column":27}},"125":{"start":{"line":630,"column":26},"end":{"line":630,"column":30}},"126":{"start":{"line":640,"column":6},"end":{"line":640,"column":65}},"127":{"start":{"line":658,"column":6},"end":{"line":660,"column":7}},"128":{"start":{"line":659,"column":8},"end":{"line":659,"column":20}},"129":{"start":{"line":661,"column":6},"end":{"line":663,"column":7}},"130":{"start":{"line":662,"column":8},"end":{"line":662,"column":50}},"131":{"start":{"line":664,"column":6},"end":{"line":664,"column":84}},"132":{"start":{"line":682,"column":21},"end":{"line":682,"column":36}},"133":{"start":{"line":683,"column":21},"end":{"line":683,"column":35}},"134":{"start":{"line":684,"column":19},"end":{"line":684,"column":59}},"135":{"start":{"line":685,"column":19},"end":{"line":685,"column":58}},"136":{"start":{"line":687,"column":6},"end":{"line":687,"column":54}},"137":{"start":{"line":688,"column":6},"end":{"line":688,"column":54}},"138":{"start":{"line":690,"column":21},"end":{"line":690,"column":40}},"139":{"start":{"line":691,"column":21},"end":{"line":691,"column":40}},"140":{"start":{"line":692,"column":22},"end":{"line":692,"column":38}},"141":{"start":{"line":694,"column":6},"end":{"line":694,"column":28}},"142":{"start":{"line":695,"column":21},"end":{"line":697,"column":8}},"143":{"start":{"line":696,"column":8},"end":{"line":696,"column":34}},"144":{"start":{"line":698,"column":21},"end":{"line":700,"column":8}},"145":{"start":{"line":699,"column":8},"end":{"line":699,"column":33}},"146":{"start":{"line":701,"column":6},"end":{"line":703,"column":7}},"147":{"start":{"line":702,"column":8},"end":{"line":702,"column":36}},"148":{"start":{"line":704,"column":6},"end":{"line":704,"column":34}},"149":{"start":{"line":705,"column":6},"end":{"line":705,"column":34}},"150":{"start":{"line":706,"column":6},"end":{"line":712,"column":7}},"151":{"start":{"line":707,"column":21},"end":{"line":709,"column":84}},"152":{"start":{"line":710,"column":8},"end":{"line":710,"column":20}},"153":{"start":{"line":711,"column":8},"end":{"line":711,"column":22}},"154":{"start":{"line":713,"column":6},"end":{"line":725,"column":7}},"155":{"start":{"line":714,"column":27},"end":{"line":714,"column":81}},"156":{"start":{"line":715,"column":27},"end":{"line":715,"column":80}},"157":{"start":{"line":717,"column":8},"end":{"line":724,"column":9}},"158":{"start":{"line":718,"column":29},"end":{"line":718,"column":67}},"159":{"start":{"line":719,"column":29},"end":{"line":719,"column":65}},"160":{"start":{"line":721,"column":23},"end":{"line":721,"column":88}},"161":{"start":{"line":722,"column":10},"end":{"line":722,"column":22}},"162":{"start":{"line":723,"column":10},"end":{"line":723,"column":24}},"163":{"start":{"line":726,"column":6},"end":{"line":728,"column":7}},"164":{"start":{"line":727,"column":8},"end":{"line":727,"column":21}},"165":{"start":{"line":729,"column":19},"end":{"line":729,"column":85}},"166":{"start":{"line":730,"column":6},"end":{"line":730,"column":18}},"167":{"start":{"line":731,"column":6},"end":{"line":731,"column":20}},"168":{"start":{"line":742,"column":6},"end":{"line":742,"column":67}},"169":{"start":{"line":753,"column":6},"end":{"line":755,"column":7}},"170":{"start":{"line":754,"column":8},"end":{"line":754,"column":20}},"171":{"start":{"line":756,"column":6},"end":{"line":758,"column":7}},"172":{"start":{"line":757,"column":8},"end":{"line":757,"column":24}},"173":{"start":{"line":759,"column":6},"end":{"line":759,"column":74}},"174":{"start":{"line":772,"column":6},"end":{"line":772,"column":27}},"175":{"start":{"line":784,"column":18},"end":{"line":784,"column":20}},"176":{"start":{"line":785,"column":19},"end":{"line":785,"column":74}},"177":{"start":{"line":787,"column":6},"end":{"line":789,"column":9}},"178":{"start":{"line":788,"column":8},"end":{"line":788,"column":59}},"179":{"start":{"line":790,"column":6},"end":{"line":790,"column":20}},"180":{"start":{"line":801,"column":18},"end":{"line":801,"column":36}},"181":{"start":{"line":802,"column":6},"end":{"line":817,"column":8}},"182":{"start":{"line":803,"column":21},"end":{"line":803,"column":33}},"183":{"start":{"line":804,"column":8},"end":{"line":806,"column":9}},"184":{"start":{"line":805,"column":10},"end":{"line":805,"column":25}},"185":{"start":{"line":807,"column":8},"end":{"line":807,"column":32}},"186":{"start":{"line":808,"column":8},"end":{"line":815,"column":9}},"187":{"start":{"line":809,"column":20},"end":{"line":809,"column":33}},"188":{"start":{"line":810,"column":10},"end":{"line":814,"column":11}},"189":{"start":{"line":813,"column":12},"end":{"line":813,"column":25}},"190":{"start":{"line":816,"column":8},"end":{"line":816,"column":20}},"191":{"start":{"line":830,"column":6},"end":{"line":830,"column":30}},"192":{"start":{"line":831,"column":6},"end":{"line":836,"column":13}},"193":{"start":{"line":832,"column":8},"end":{"line":834,"column":9}},"194":{"start":{"line":833,"column":10},"end":{"line":833,"column":36}},"195":{"start":{"line":835,"column":8},"end":{"line":835,"column":22}},"196":{"start":{"line":848,"column":6},"end":{"line":848,"column":69}},"197":{"start":{"line":861,"column":18},"end":{"line":861,"column":20}},"198":{"start":{"line":862,"column":19},"end":{"line":862,"column":31}},"199":{"start":{"line":864,"column":6},"end":{"line":866,"column":7}},"200":{"start":{"line":865,"column":8},"end":{"line":865,"column":55}},"201":{"start":{"line":867,"column":6},"end":{"line":867,"column":40}},"202":{"start":{"line":868,"column":6},"end":{"line":870,"column":7}},"203":{"start":{"line":869,"column":8},"end":{"line":869,"column":22}},"204":{"start":{"line":871,"column":6},"end":{"line":871,"column":55}},"205":{"start":{"line":872,"column":6},"end":{"line":872,"column":19}},"206":{"start":{"line":874,"column":19},"end":{"line":874,"column":32}},"207":{"start":{"line":875,"column":6},"e
[...]
,"/Users/goodnesseze/Desktop/project/storeManus-react/src/js/navbar.js": {"path":"/Users/goodnesseze/Desktop/project/storeManus-react/src/js/navbar.js","statementMap":{"0":{"start":{"line":2,"column":24},"end":{"line":2,"column":66}},"1":{"start":{"line":3,"column":14},"end":{"line":3,"column":46}},"2":{"start":{"line":4,"column":17},"end":{"line":4,"column":53}},"3":{"start":{"line":8,"column":8},"end":{"line":8,"column":43}},"4":{"start":{"line":9,"column":8},"end":{"line":9,"column":57}},"5":{"start":{"line":10,"column":8},"end":{"line":10,"column":46}},"6":{"start":{"line":14,"column":8},"end":{"line":14,"column":33}},"7":{"start":{"line":15,"column":8},"end":{"line":15,"column":64}},"8":{"start":{"line":16,"column":8},"end":{"line":16,"column":36}},"9":{"start":{"line":20,"column":4},"end":{"line":20,"column":43}},"10":{"start":{"line":21,"column":4},"end":{"line":21,"column":39}}},"fnMap":{"0":{"name":"openNav","decl":{"start":{"line":7,"column":9},"end":{"line":7,"column":16}},"loc":{"start":{"line":7,"column":18},"end":{"line":11,"column":1}},"line":7},"1":{"name":"closeNav","decl":{"start":{"line":13,"column":9},"end":{"line":13,"column":17}},"loc":{"start":{"line":13,"column":19},"end":{"line":17,"column":1}},"line":13},"2":{"name":"signOut","decl":{"start":{"line":19,"column":9},"end":{"line":19,"column":16}},"loc":{"start":{"line":19,"column":18},"end":{"line":22,"column":1}},"line":19}},"branchMap":{},"s":{"0":0,"1":0,"2":0,"3":0,"4":0,"5":0,"6":0,"7":0,"8":0,"9":0,"10":0},"f":{"0":0,"1":0,"2":0},"b":{}}
,"/Users/goodnesseze/Desktop/project/storeManus-react/src/js/salesRecord.js": {"path":"/Users/goodnesseze/Desktop/project/storeManus-react/src/js/salesRecord.js","statementMap":{"0":{"start":{"line":2,"column":10},"end":{"line":2,"column":12}},"1":{"start":{"line":3,"column":0},"end":{"line":5,"column":1}},"2":{"start":{"line":4,"column":4},"end":{"line":4,"column":60}},"3":{"start":{"line":6,"column":0},"end":{"line":11,"column":2}},"4":{"start":{"line":8,"column":4},"end":{"line":8,"column":27}},"5":{"start":{"line":13,"column":20},"end":{"line":13,"column":37}},"6":{"start":{"line":14,"column":22},"end":{"line":14,"column":39}},"7":{"start":{"line":15,"column":15},"end":{"line":15,"column":64}},"8":{"start":{"line":16,"column":4},"end":{"line":32,"column":53}},"9":{"start":{"line":24,"column":21},"end":{"line":24,"column":31}},"10":{"start":{"line":26,"column":12},"end":{"line":28,"column":13}},"11":{"start":{"line":27,"column":16},"end":{"line":27,"column":42}},"12":{"start":{"line":29,"column":12},"end":{"line":29,"column":31}},"13":{"start":{"line":30,"column":12},"end":{"line":30,"column":19}},"14":{"start":{"line":32,"column":22},"end":{"line":32,"column":51}},"15":{"start":{"line":36,"column":4},"end":{"line":36,"column":18}},"16":{"start":{"line":37,"column":4},"end":{"line":47,"column":5}},"17":{"start":{"line":37,"column":14},"end":{"line":37,"column":15}},"18":{"start":{"line":38,"column":27},"end":{"line":45,"column":10}},"19":{"start":{"line":46,"column":8},"end":{"line":46,"column":73}},"20":{"start":{"line":51,"column":4},"end":{"line":63,"column":5}},"21":{"start":{"line":52,"column":28},"end":{"line":52,"column":72}},"22":{"start":{"line":52,"column":51},"end":{"line":52,"column":71}},"23":{"start":{"line":53,"column":22},"end":{"line":53,"column":79}},"24":{"start":{"line":53,"column":62},"end":{"line":53,"column":78}},"25":{"start":{"line":54,"column":8},"end":{"line":54,"column":45}},"26":{"start":{"line":55,"column":27},"end":{"line":61,"column":31}},"27":{"start":{"line":62,"column":8},"end":{"line":62,"column":62}}},"fnMap":{"0":{"name":"(anonymous_0)","decl":{"start":{"line":6,"column":16},"end":{"line":6,"column":17}},"loc":{"start":{"line":6,"column":22},"end":{"line":11,"column":1}},"line":6},"1":{"name":"getOneAttendantSales","decl":{"start":{"line":12,"column":9},"end":{"line":12,"column":29}},"loc":{"start":{"line":12,"column":31},"end":{"line":33,"column":1}},"line":12},"2":{"name":"(anonymous_2)","decl":{"start":{"line":24,"column":14},"end":{"line":24,"column":15}},"loc":{"start":{"line":24,"column":21},"end":{"line":24,"column":31}},"line":24},"3":{"name":"(anonymous_3)","decl":{"start":{"line":25,"column":14},"end":{"line":25,"column":15}},"loc":{"start":{"line":25,"column":21},"end":{"line":31,"column":9}},"line":25},"4":{"name":"(anonymous_4)","decl":{"start":{"line":32,"column":15},"end":{"line":32,"column":16}},"loc":{"start":{"line":32,"column":22},"end":{"line":32,"column":51}},"line":32},"5":{"name":"popSalesTable","decl":{"start":{"line":35,"column":9},"end":{"line":35,"column":22}},"loc":{"start":{"line":35,"column":27},"end":{"line":48,"column":1}},"line":35},"6":{"name":"addTotal","decl":{"start":{"line":50,"column":9},"end":{"line":50,"column":17}},"loc":{"start":{"line":50,"column":24},"end":{"line":64,"column":1}},"line":50},"7":{"name":"(anonymous_7)","decl":{"start":{"line":52,"column":43},"end":{"line":52,"column":44}},"loc":{"start":{"line":52,"column":51},"end":{"line":52,"column":71}},"line":52},"8":{"name":"(anonymous_8)","decl":{"start":{"line":53,"column":41},"end":{"line":53,"column":42}},"loc":{"start":{"line":53,"column":62},"end":{"line":53,"column":78}},"line":53}},"branchMap":{"0":{"loc":{"start":{"line":3,"column":0},"end":{"line":5,"column":1}},"type":"if","locations":[{"start":{"line":3,"column":0},"end":{"line":5,"column":1}},{"start":{"line":3,"column":0},"end":{"line":5,"column":1}}],"line":3},"1":{"loc":{"start":{"line":26,"column":12},"end":{"line":28,"column":13}},"type":"if","locations":[{"start":{"line":26,"column":12},"end":{"line":28,"column":13}},{"start":{"line":26,"column":12},"end":{"line":28,"column":13}}],"line":26},"2":{"loc":{"start":{"line":51,"column":4},"end":{"line":63,"column":5}},"type":"if","locations":[{"start":{"line":51,"column":4},"end":{"line":63,"column":5}},{"start":{"line":51,"column":4},"end":{"line":63,"column":5}}],"line":51}},"s":{"0":0,"1":0,"2":0,"3":0,"4":0,"5":0,"6":0,"7":0,"8":0,"9":0,"10":0,"11":0,"12":0,"13":0,"14":0,"15":0,"16":0,"17":0,"18":0,"19":0,"20":0,"21":0,"22":0,"23":0,"24":0,"25":0,"26":0,"27":0},"f":{"0":0,"1":0,"2":0,"3":0,"4":0,"5":0,"6":0,"7":0,"8":0},"b":{"0":[0,0],"1":[0,0],"2":[0,0]}}
,"/Users/goodnesseze/Desktop/project/storeManus-react/src/js/sidebar.js": {"path":"/Users/goodnesseze/Desktop/project/storeManus-react/src/js/sidebar.js","statementMap":{"0":{"start":{"line":1,"column":27},"end":{"line":1,"column":70}},"1":{"start":{"line":2,"column":28},"end":{"line":2,"column":76}},"2":{"start":{"line":3,"column":32},"end":{"line":3,"column":87}},"3":{"start":{"line":4,"column":20},"end":{"line":4,"column":59}},"4":{"start":{"line":5,"column":0},"end":{"line":10,"column":3}},"5":{"start":{"line":6,"column":4},"end":{"line":6,"column":34}},"6":{"start":{"line":7,"column":4},"end":{"line":7,"column":53}},"7":{"start":{"line":8,"column":4},"end":{"line":8,"column":43}},"8":{"start":{"line":9,"column":4},"end":{"line":9,"column":81}},"9":{"start":{"line":12,"column":0},"end":{"line":17,"column":3}},"10":{"start":{"line":13,"column":4},"end":{"line":13,"column":68}},"11":{"start":{"line":14,"column":4},"end":{"line":14,"column":65}},"12":{"start":{"line":15,"column":4},"end":{"line":15,"column":47}},"13":{"start":{"line":16,"column":4},"end":{"line":16,"column":42}}},"fnMap":{"0":{"name":"(anonymous_0)","decl":{"start":{"line":5,"column":38},"end":{"line":5,"column":39}},"loc":{"start":{"line":5,"column":44},"end":{"line":10,"column":1}},"line":5},"1":{"name":"(anonymous_1)","decl":{"start":{"line":12,"column":50},"end":{"line":12,"column":51}},"loc":{"start":{"line":12,"column":56},"end":{"line":17,"column":1}},"line":12}},"branchMap":{},"s":{"0":0,"1":0,"2":0,"3":0,"4":0,"5":0,"6":0,"7":0,"8":0,"9":0,"10":0,"11":0,"12":0,"13":0},"f":{"0":0,"1":0},"b":{}}
,"/Users/goodnesseze/Desktop/project/storeManus-react/src/js/signin.js": {"path":"/Users/goodnesseze/Desktop/project/storeManus-react/src/js/signin.js","statementMap":{"0":{"start":{"line":1,"column":0},"end":{"line":41,"column":3}},"1":{"start":{"line":2,"column":24},"end":{"line":2,"column":64}},"2":{"start":{"line":5,"column":22},"end":{"line":5,"column":66}},"3":{"start":{"line":6,"column":25},"end":{"line":6,"column":72}},"4":{"start":{"line":7,"column":21},"end":{"line":7,"column":38}},"5":{"start":{"line":8,"column":8},"end":{"line":27,"column":57}},"6":{"start":{"line":16,"column":25},"end":{"line":16,"column":35}},"7":{"start":{"line":18,"column":16},"end":{"line":18,"column":35}},"8":{"start":{"line":19,"column":16},"end":{"line":25,"column":17}},"9":{"start":{"line":20,"column":20},"end":{"line":20,"column":67}},"10":{"start":{"line":21,"column":20},"end":{"line":23,"column":21}},"11":{"start":{"line":22,"column":24},"end":{"line":22,"column":77}},"12":{"start":{"line":24,"column":20},"end":{"line":24,"column":70}},"13":{"start":{"line":27,"column":26},"end":{"line":27,"column":55}},"14":{"start":{"line":30,"column":4},"end":{"line":40,"column":7}},"15":{"start":{"line":31,"column":8},"end":{"line":31,"column":37}},"16":{"start":{"line":32,"column":22},"end":{"line":32,"column":66}},"17":{"start":{"line":34,"column":8},"end":{"line":38,"column":9}},"18":{"start":{"line":35,"column":12},"end":{"line":35,"column":67}},"19":{"start":{"line":37,"column":12},"end":{"line":37,"column":72}},"20":{"start":{"line":39,"column":8},"end":{"line":39,"column":24}}},"fnMap":{"0":{"name":"(anonymous_0)","decl":{"start":{"line":1,"column":17},"end":{"line":1,"column":18}},"loc":{"start":{"line":1,"column":23},"end":{"line":41,"column":1}},"line":1},"1":{"name":"signInUser","decl":{"start":{"line":4,"column":13},"end":{"line":4,"column":23}},"loc":{"start":{"line":4,"column":28},"end":{"line":28,"column":5}},"line":4},"2":{"name":"(anonymous_2)","decl":{"start":{"line":16,"column":18},"end":{"line":16,"column":19}},"loc":{"start":{"line":16,"column":25},"end":{"line":16,"column":35}},"line":16},"3":{"name":"(anonymous_3)","decl":{"start":{"line":17,"column":18},"end":{"line":17,"column":19}},"loc":{"start":{"line":17,"column":25},"end":{"line":26,"column":13}},"line":17},"4":{"name":"(anonymous_4)","decl":{"start":{"line":27,"column":19},"end":{"line":27,"column":20}},"loc":{"start":{"line":27,"column":26},"end":{"line":27,"column":55}},"line":27},"5":{"name":"(anonymous_5)","decl":{"start":{"line":30,"column":43},"end":{"line":30,"column":44}},"loc":{"start":{"line":30,"column":60},"end":{"line":40,"column":5}},"line":30}},"branchMap":{"0":{"loc":{"start":{"line":19,"column":16},"end":{"line":25,"column":17}},"type":"if","locations":[{"start":{"line":19,"column":16},"end":{"line":25,"column":17}},{"start":{"line":19,"column":16},"end":{"line":25,"column":17}}],"line":19},"1":{"loc":{"start":{"line":21,"column":20},"end":{"line":23,"column":21}},"type":"if","locations":[{"start":{"line":21,"column":20},"end":{"line":23,"column":21}},{"start":{"line":21,"column":20},"end":{"line":23,"column":21}}],"line":21},"2":{"loc":{"start":{"line":34,"column":8},"end":{"line":38,"column":9}},"type":"if","locations":[{"start":{"line":34,"column":8},"end":{"line":38,"column":9}},{"start":{"line":34,"column":8},"end":{"line":38,"column":9}}],"line":34}},"s":{"0":0,"1":0,"2":0,"3":0,"4":0,"5":0,"6":0,"7":0,"8":0,"9":0,"10":0,"11":0,"12":0,"13":0,"14":0,"15":0,"16":0,"17":0,"18":0,"19":0,"20":0},"f":{"0":0,"1":0,"2":0,"3":0,"4":0,"5":0},"b":{"0":[0,0],"1":[0,0],"2":[0,0]}}
,"/Users/goodnesseze/Desktop/project/storeManus-react/src/js/updateProfile.js": {"path":"/Users/goodnesseze/Desktop/project/storeManus-react/src/js/updateProfile.js","statementMap":{"0":{"start":{"line":2,"column":0},"end":{"line":2,"column":57}},"1":{"start":{"line":7,"column":20},"end":{"line":7,"column":37}},"2":{"start":{"line":8,"column":4},"end":{"line":8,"column":24}},"3":{"start":{"line":9,"column":4},"end":{"line":13,"column":7}},"4":{"start":{"line":10,"column":8},"end":{"line":10,"column":27}},"5":{"start":{"line":11,"column":8},"end":{"line":11,"column":24}},"6":{"start":{"line":12,"column":8},"end":{"line":12,"column":15}},"7":{"start":{"line":18,"column":22},"end":{"line":64,"column":1}},"8":{"start":{"line":19,"column":20},"end":{"line":19,"column":37}},"9":{"start":{"line":20,"column":4},"end":{"line":22,"column":5}},"10":{"start":{"line":21,"column":8},"end":{"line":21,"column":87}},"11":{"start":{"line":24,"column":22},"end":{"line":24,"column":64}},"12":{"start":{"line":25,"column":21},"end":{"line":25,"column":62}},"13":{"start":{"line":26,"column":18},"end":{"line":26,"column":56}},"14":{"start":{"line":27,"column":20},"end":{"line":27,"column":60}},"15":{"start":{"line":28,"column":19},"end":{"line":28,"column":58}},"16":{"start":{"line":29,"column":21},"end":{"line":29,"column":62}},"17":{"start":{"line":30,"column":28},"end":{"line":30,"column":76}},"18":{"start":{"line":35,"column":19},"end":{"line":35,"column":35}},"19":{"start":{"line":36,"column":4},"end":{"line":36,"column":78}},"20":{"start":{"line":37,"column":4},"end":{"line":63,"column":6}},"21":{"start":{"line":38,"column":8},"end":{"line":38,"column":36}},"22":{"start":{"line":39,"column":27},"end":{"line":39,"column":114}},"23":{"start":{"line":40,"column":20},"end":{"line":40,"column":75}},"24":{"start":{"line":42,"column":8},"end":{"line":61,"column":57}},"25":{"start":{"line":51,"column":25},"end":{"line":51,"column":35}},"26":{"start":{"line":53,"column":16},"end":{"line":56,"column":17}},"27":{"start":{"line":54,"column":20},"end":{"line":54,"column":42}},"28":{"start":{"line":55,"column":20},"end":{"line":55,"column":27}},"29":{"start":{"line":57,"column":16},"end":{"line":57,"column":38}},"30":{"start":{"line":58,"column":16},"end":{"line":58,"column":62}},"31":{"start":{"line":61,"column":26},"end":{"line":61,"column":55}},"32":{"start":{"line":67,"column":10},"end":{"line":67,"column":12}},"33":{"start":{"line":68,"column":0},"end":{"line":70,"column":1}},"34":{"start":{"line":69,"column":4},"end":{"line":69,"column":60}},"35":{"start":{"line":74,"column":4},"end":{"line":76,"column":5}},"36":{"start":{"line":75,"column":8},"end":{"line":75,"column":20}},"37":{"start":{"line":77,"column":4},"end":{"line":77,"column":17}},"38":{"start":{"line":80,"column":26},"end":{"line":89,"column":1}},"39":{"start":{"line":81,"column":20},"end":{"line":81,"column":37}},"40":{"start":{"line":82,"column":4},"end":{"line":82,"column":66}},"41":{"start":{"line":83,"column":4},"end":{"line":83,"column":64}},"42":{"start":{"line":84,"column":4},"end":{"line":84,"column":58}},"43":{"start":{"line":85,"column":4},"end":{"line":85,"column":62}},"44":{"start":{"line":86,"column":4},"end":{"line":86,"column":94}},"45":{"start":{"line":87,"column":4},"end":{"line":87,"column":70}},"46":{"start":{"line":88,"column":4},"end":{"line":88,"column":11}}},"fnMap":{"0":{"name":"loadUpdateProfileButton","decl":{"start":{"line":6,"column":9},"end":{"line":6,"column":32}},"loc":{"start":{"line":6,"column":34},"end":{"line":14,"column":1}},"line":6},"1":{"name":"(anonymous_1)","decl":{"start":{"line":9,"column":77},"end":{"line":9,"column":78}},"loc":{"start":{"line":9,"column":84},"end":{"line":13,"column":5}},"line":9},"2":{"name":"(anonymous_2)","decl":{"start":{"line":18,"column":22},"end":{"line":18,"column":23}},"loc":{"start":{"line":18,"column":27},"end":{"line":64,"column":1}},"line":18},"3":{"name":"(anonymous_3)","decl":{"start":{"line":37,"column":20},"end":{"line":37,"column":21}},"loc":{"start":{"line":37,"column":32},"end":{"line":63,"column":5}},"line":37},"4":{"name":"(anonymous_4)","decl":{"start":{"line":51,"column":18},"end":{"line":51,"column":19}},"loc":{"start":{"line":51,"column":25},"end":{"line":51,"column":35}},"line":51},"5":{"name":"(anonymous_5)","decl":{"start":{"line":52,"column":18},"end":{"line":52,"column":19}},"loc":{"start":{"line":52,"column":28},"end":{"line":60,"column":13}},"line":52},"6":{"name":"(anonymous_6)","decl":{"start":{"line":61,"column":19},"end":{"line":61,"column":20}},"loc":{"start":{"line":61,"column":26},"end":{"line":61,"column":55}},"line":61},"7":{"name":"isLargeFileSize","decl":{"start":{"line":73,"column":9},"end":{"line":73,"column":24}},"loc":{"start":{"line":73,"column":30},"end":{"line":78,"column":1}},"line":73},"8":{"name":"(anonymous_8)","decl":{"start":{"line":80,"column":26},"end":{"line":80,"column":27}},"loc":{"start":{"line":80,"column":32},"end":{"line":89,"column":1}},"line":80}},"branchMap":{"0":{"loc":{"start":{"line":20,"column":4},"end":{"line":22,"column":5}},"type":"if","locations":[{"start":{"line":20,"column":4},"end":{"line":22,"column":5}},{"start":{"line":20,"column":4},"end":{"line":22,"column":5}}],"line":20},"1":{"loc":{"start":{"line":53,"column":16},"end":{"line":56,"column":17}},"type":"if","locations":[{"start":{"line":53,"column":16},"end":{"line":56,"column":17}},{"start":{"line":53,"column":16},"end":{"line":56,"column":17}}],"line":53},"2":{"loc":{"start":{"line":68,"column":0},"end":{"line":70,"column":1}},"type":"if","locations":[{"start":{"line":68,"column":0},"end":{"line":70,"column":1}},{"start":{"line":68,"column":0},"end":{"line":70,"column":1}}],"line":68},"3":{"loc":{"start":{"line":74,"column":4},"end":{"line":76,"column":5}},"type":"if","locations":[{"start":{"line":74,"column":4},"end":{"line":76,"column":5}},{"start":{"line":74,"column":4},"end":{"line":76,"column":5}}],"line":74}},"s":{"0":0,"1":0,"2":0,"3":0,"4":0,"5":0,"6":0,"7":0,"8":0,"9":0,"10":0,"11":0,"12":0,"13":0,"14":0,"15":0,"16":0,"17":0,"18":0,"19":0,"20":0,"21":0,"22":0,"23":0,"24":0,"25":0,"26":0,"27":0,"28":0,"29":0,"30":0,"31":0,"32":0,"33":0,"34":0,"35":0,"36":0,"37":0,"38":0,"39":0,"40":0,"41":0,"42":0,"43":0,"44":0,"45":0,"46":0},"f":{"0":0,"1":0,"2":0,"3":0,"4":0,"5":0,"6":0,"7":0,"8":0},"b":{"0":[0,0],"1":[0,0],"2":[0,0],"3":[0,0]}}
,"/Users/goodnesseze/Desktop/project/storeManus-react/src/test/setup.js": {"path":"/Users/goodnesseze/Desktop/project/storeManus-react/src/test/setup.js","statementMap":{"0":{"start":{"line":4,"column":0},"end":{"line":4,"column":38}}},"fnMap":{},"branchMap":{},"s":{"0":1},"f":{},"b":{},"_coverageSchema":"43e27e138ebf9cfc5966b082cf9a028302ed4184","hash":"96f440ce8395a51be15b5e886adccf7b129971fe"}
}
