{"/Users/goodnesseze/Desktop/project/storeManus-react/src/index.js": {"path":"/Users/goodnesseze/Desktop/project/storeManus-react/src/index.js","statementMap":{"0":{"start":{"line":5,"column":0},"end":{"line":5,"column":56}}},"fnMap":{},"branchMap":{},"s":{"0":0},"f":{},"b":{}}
,"/Users/goodnesseze/Desktop/project/storeManus-react/src/js/navbar.js": {"path":"/Users/goodnesseze/Desktop/project/storeManus-react/src/js/navbar.js","statementMap":{"0":{"start":{"line":2,"column":24},"end":{"line":2,"column":66}},"1":{"start":{"line":3,"column":14},"end":{"line":3,"column":46}},"2":{"start":{"line":4,"column":17},"end":{"line":4,"column":53}},"3":{"start":{"line":8,"column":8},"end":{"line":8,"column":43}},"4":{"start":{"line":9,"column":8},"end":{"line":9,"column":57}},"5":{"start":{"line":10,"column":8},"end":{"line":10,"column":46}},"6":{"start":{"line":14,"column":8},"end":{"line":14,"column":33}},"7":{"start":{"line":15,"column":8},"end":{"line":15,"column":64}},"8":{"start":{"line":16,"column":8},"end":{"line":16,"column":36}},"9":{"start":{"line":20,"column":4},"end":{"line":20,"column":43}},"10":{"start":{"line":21,"column":4},"end":{"line":21,"column":39}}},"fnMap":{"0":{"name":"openNav","decl":{"start":{"line":7,"column":9},"end":{"line":7,"column":16}},"loc":{"start":{"line":7,"column":18},"end":{"line":11,"column":1}},"line":7},"1":{"name":"closeNav","decl":{"start":{"line":13,"column":9},"end":{"line":13,"column":17}},"loc":{"start":{"line":13,"column":19},"end":{"line":17,"column":1}},"line":13},"2":{"name":"signOut","decl":{"start":{"line":19,"column":9},"end":{"line":19,"column":16}},"loc":{"start":{"line":19,"column":18},"end":{"line":22,"column":1}},"line":19}},"branchMap":{},"s":{"0":0,"1":0,"2":0,"3":0,"4":0,"5":0,"6":0,"7":0,"8":0,"9":0,"10":0},"f":{"0":0,"1":0,"2":0},"b":{}}
,"/Users/goodnesseze/Desktop/project/storeManus-react/src/js/sidebar.js": {"path":"/Users/goodnesseze/Desktop/project/storeManus-react/src/js/sidebar.js","statementMap":{"0":{"start":{"line":1,"column":27},"end":{"line":1,"column":70}},"1":{"start":{"line":2,"column":28},"end":{"line":2,"column":76}},"2":{"start":{"line":3,"column":32},"end":{"line":3,"column":87}},"3":{"start":{"line":4,"column":20},"end":{"line":4,"column":59}},"4":{"start":{"line":5,"column":0},"end":{"line":10,"column":3}},"5":{"start":{"line":6,"column":4},"end":{"line":6,"column":34}},"6":{"start":{"line":7,"column":4},"end":{"line":7,"column":53}},"7":{"start":{"line":8,"column":4},"end":{"line":8,"column":43}},"8":{"start":{"line":9,"column":4},"end":{"line":9,"column":81}},"9":{"start":{"line":12,"column":0},"end":{"line":17,"column":3}},"10":{"start":{"line":13,"column":4},"end":{"line":13,"column":68}},"11":{"start":{"line":14,"column":4},"end":{"line":14,"column":65}},"12":{"start":{"line":15,"column":4},"end":{"line":15,"column":47}},"13":{"start":{"line":16,"column":4},"end":{"line":16,"column":42}}},"fnMap":{"0":{"name":"(anonymous_0)","decl":{"start":{"line":5,"column":38},"end":{"line":5,"column":39}},"loc":{"start":{"line":5,"column":44},"end":{"line":10,"column":1}},"line":5},"1":{"name":"(anonymous_1)","decl":{"start":{"line":12,"column":50},"end":{"line":12,"column":51}},"loc":{"start":{"line":12,"column":56},"end":{"line":17,"column":1}},"line":12}},"branchMap":{},"s":{"0":0,"1":0,"2":0,"3":0,"4":0,"5":0,"6":0,"7":0,"8":0,"9":0,"10":0,"11":0,"12":0,"13":0},"f":{"0":0,"1":0},"b":{}}
,"/Users/goodnesseze/Desktop/project/storeManus-react/src/js/signin.js": {"path":"/Users/goodnesseze/Desktop/project/storeManus-react/src/js/signin.js","statementMap":{"0":{"start":{"line":1,"column":0},"end":{"line":41,"column":3}},"1":{"start":{"line":2,"column":24},"end":{"line":2,"column":64}},"2":{"start":{"line":5,"column":22},"end":{"line":5,"column":66}},"3":{"start":{"line":6,"column":25},"end":{"line":6,"column":72}},"4":{"start":{"line":7,"column":21},"end":{"line":7,"column":38}},"5":{"start":{"line":8,"column":8},"end":{"line":27,"column":57}},"6":{"start":{"line":16,"column":25},"end":{"line":16,"column":35}},"7":{"start":{"line":18,"column":16},"end":{"line":18,"column":35}},"8":{"start":{"line":19,"column":16},"end":{"line":25,"column":17}},"9":{"start":{"line":20,"column":20},"end":{"line":20,"column":67}},"10":{"start":{"line":21,"column":20},"end":{"line":23,"column":21}},"11":{"start":{"line":22,"column":24},"end":{"line":22,"column":77}},"12":{"start":{"line":24,"column":20},"end":{"line":24,"column":70}},"13":{"start":{"line":27,"column":26},"end":{"line":27,"column":55}},"14":{"start":{"line":30,"column":4},"end":{"line":40,"column":7}},"15":{"start":{"line":31,"column":8},"end":{"line":31,"column":37}},"16":{"start":{"line":32,"column":22},"end":{"line":32,"column":66}},"17":{"start":{"line":34,"column":8},"end":{"line":38,"column":9}},"18":{"start":{"line":35,"column":12},"end":{"line":35,"column":67}},"19":{"start":{"line":37,"column":12},"end":{"line":37,"column":72}},"20":{"start":{"line":39,"column":8},"end":{"line":39,"column":24}}},"fnMap":{"0":{"name":"(anonymous_0)","decl":{"start":{"line":1,"column":17},"end":{"line":1,"column":18}},"loc":{"start":{"line":1,"column":23},"end":{"line":41,"column":1}},"line":1},"1":{"name":"signInUser","decl":{"start":{"line":4,"column":13},"end":{"line":4,"column":23}},"loc":{"start":{"line":4,"column":28},"end":{"line":28,"column":5}},"line":4},"2":{"name":"(anonymous_2)","decl":{"start":{"line":16,"column":18},"end":{"line":16,"column":19}},"loc":{"start":{"line":16,"column":25},"end":{"line":16,"column":35}},"line":16},"3":{"name":"(anonymous_3)","decl":{"start":{"line":17,"column":18},"end":{"line":17,"column":19}},"loc":{"start":{"line":17,"column":25},"end":{"line":26,"column":13}},"line":17},"4":{"name":"(anonymous_4)","decl":{"start":{"line":27,"column":19},"end":{"line":27,"column":20}},"loc":{"start":{"line":27,"column":26},"end":{"line":27,"column":55}},"line":27},"5":{"name":"(anonymous_5)","decl":{"start":{"line":30,"column":43},"end":{"line":30,"column":44}},"loc":{"start":{"line":30,"column":60},"end":{"line":40,"column":5}},"line":30}},"branchMap":{"0":{"loc":{"start":{"line":19,"column":16},"end":{"line":25,"column":17}},"type":"if","locations":[{"start":{"line":19,"column":16},"end":{"line":25,"column":17}},{"start":{"line":19,"column":16},"end":{"line":25,"column":17}}],"line":19},"1":{"loc":{"start":{"line":21,"column":20},"end":{"line":23,"column":21}},"type":"if","locations":[{"start":{"line":21,"column":20},"end":{"line":23,"column":21}},{"start":{"line":21,"column":20},"end":{"line":23,"column":21}}],"line":21},"2":{"loc":{"start":{"line":34,"column":8},"end":{"line":38,"column":9}},"type":"if","locations":[{"start":{"line":34,"column":8},"end":{"line":38,"column":9}},{"start":{"line":34,"column":8},"end":{"line":38,"column":9}}],"line":34}},"s":{"0":0,"1":0,"2":0,"3":0,"4":0,"5":0,"6":0,"7":0,"8":0,"9":0,"10":0,"11":0,"12":0,"13":0,"14":0,"15":0,"16":0,"17":0,"18":0,"19":0,"20":0},"f":{"0":0,"1":0,"2":0,"3":0,"4":0,"5":0},"b":{"0":[0,0],"1":[0,0],"2":[0,0]}}
,"/Users/goodnesseze/Desktop/project/storeManus-react/src/test/setup.js": {"path":"/Users/goodnesseze/Desktop/project/storeManus-react/src/test/setup.js","statementMap":{"0":{"start":{"line":4,"column":0},"end":{"line":4,"column":38}}},"fnMap":{},"branchMap":{},"s":{"0":1},"f":{},"b":{},"_coverageSchema":"43e27e138ebf9cfc5966b082cf9a028302ed4184","hash":"96f440ce8395a51be15b5e886adccf7b129971fe"}
}
