TN:
SF:/Users/goodnesseze/Desktop/project/storeManus-react/src/index.js
FNF:0
FNH:0
DA:5,0
LF:1
LH:0
BRF:0
BRH:0
end_of_record
TN:
SF:/Users/goodnesseze/Desktop/project/storeManus-react/src/js/addAttendant.js
FN:10,loadAddAttButton
FN:12,(anonymous_1)
FN:21,registerAttendant
FN:37,(anonymous_3)
FN:38,(anonymous_4)
FN:46,(anonymous_5)
FNF:6
FNH:0
FNDA:0,loadAddAttButton
FNDA:0,(anonymous_1)
FNDA:0,registerAttendant
FNDA:0,(anonymous_3)
FNDA:0,(anonymous_4)
FNDA:0,(anonymous_5)
DA:1,0
DA:4,0
DA:5,0
DA:6,0
DA:11,0
DA:12,0
DA:13,0
DA:14,0
DA:22,0
DA:23,0
DA:24,0
DA:26,0
DA:27,0
DA:28,0
DA:37,0
DA:39,0
DA:40,0
DA:41,0
DA:43,0
DA:44,0
DA:46,0
LF:21
LH:0
BRDA:5,0,0,0
BRDA:5,0,1,0
BRDA:39,1,0,0
BRDA:39,1,1,0
BRF:4
BRH:0
end_of_record
TN:
SF:/Users/goodnesseze/Desktop/project/storeManus-react/src/js/admin.js
FN:3,(anonymous_0)
FN:10,(anonymous_1)
FN:32,(anonymous_2)
FN:33,(anonymous_3)
FN:41,(anonymous_4)
FN:55,populateProductTable
FN:68,populateAvalaibleProductTable
FN:81,populateFinishedProductTable
FN:92,populateAttendantsDiv
FN:107,AllProducts
FN:117,(anonymous_10)
FN:118,(anonymous_11)
FN:120,createTable
FN:153,(anonymous_13)
FN:157,AvailableProducts
FN:167,(anonymous_15)
FN:168,(anonymous_16)
FN:170,createAvailableProductTable
FN:201,(anonymous_18)
FN:207,FinishedProducts
FN:217,(anonymous_20)
FN:218,(anonymous_21)
FN:220,createFinishedProductTable
FN:249,(anonymous_23)
FN:256,getAttendants
FN:266,(anonymous_25)
FN:267,(anonymous_26)
FN:269,createAttendantCards
FN:283,(anonymous_28)
FNF:29
FNH:0
FNDA:0,(anonymous_0)
FNDA:0,(anonymous_1)
FNDA:0,(anonymous_2)
FNDA:0,(anonymous_3)
FNDA:0,(anonymous_4)
FNDA:0,populateProductTable
FNDA:0,populateAvalaibleProductTable
FNDA:0,populateFinishedProductTable
FNDA:0,populateAttendantsDiv
FNDA:0,AllProducts
FNDA:0,(anonymous_10)
FNDA:0,(anonymous_11)
FNDA:0,createTable
FNDA:0,(anonymous_13)
FNDA:0,AvailableProducts
FNDA:0,(anonymous_15)
FNDA:0,(anonymous_16)
FNDA:0,createAvailableProductTable
FNDA:0,(anonymous_18)
FNDA:0,FinishedProducts
FNDA:0,(anonymous_20)
FNDA:0,(anonymous_21)
FNDA:0,createFinishedProductTable
FNDA:0,(anonymous_23)
FNDA:0,getAttendants
FNDA:0,(anonymous_25)
FNDA:0,(anonymous_26)
FNDA:0,createAttendantCards
FNDA:0,(anonymous_28)
DA:3,0
DA:7,0
DA:8,0
DA:9,0
DA:10,0
DA:12,0
DA:15,0
DA:16,0
DA:17,0
DA:18,0
DA:19,0
DA:20,0
DA:22,0
DA:23,0
DA:32,0
DA:34,0
DA:35,0
DA:36,0
DA:38,0
DA:39,0
DA:41,0
DA:48,0
DA:49,0
DA:50,0
DA:56,0
DA:57,0
DA:64,0
DA:66,0
DA:69,0
DA:70,0
DA:77,0
DA:79,0
DA:82,0
DA:83,0
DA:88,0
DA:90,0
DA:93,0
DA:94,0
DA:103,0
DA:105,0
DA:108,0
DA:109,0
DA:117,0
DA:119,0
DA:121,0
DA:139,0
DA:142,0
DA:146,0
DA:150,0
DA:151,0
DA:153,0
DA:158,0
DA:159,0
DA:167,0
DA:169,0
DA:171,0
DA:187,0
DA:190,0
DA:194,0
DA:198,0
DA:199,0
DA:201,0
DA:208,0
DA:209,0
DA:217,0
DA:219,0
DA:221,0
DA:235,0
DA:238,0
DA:242,0
DA:246,0
DA:247,0
DA:249,0
DA:257,0
DA:258,0
DA:266,0
DA:268,0
DA:270,0
DA:275,0
DA:277,0
DA:278,0
DA:280,0
DA:281,0
DA:283,0
LF:84
LH:0
BRDA:9,0,0,0
BRDA:9,0,1,0
BRDA:34,1,0,0
BRDA:34,1,1,0
BRDA:49,2,0,0
BRDA:49,2,1,0
BRDA:119,3,0,0
BRDA:119,3,1,0
BRDA:169,4,0,0
BRDA:169,4,1,0
BRDA:219,5,0,0
BRDA:219,5,1,0
BRDA:268,6,0,0
BRDA:268,6,1,0
BRF:14
BRH:0
end_of_record
TN:
SF:/Users/goodnesseze/Desktop/project/storeManus-react/src/js/adminAvaiPro.js
FN:1,populateAvalaibleProductTable
FN:15,AvailableProducts
FN:25,(anonymous_2)
FN:26,(anonymous_3)
FN:34,(anonymous_4)
FNF:5
FNH:0
FNDA:0,populateAvalaibleProductTable
FNDA:0,AvailableProducts
FNDA:0,(anonymous_2)
FNDA:0,(anonymous_3)
FNDA:0,(anonymous_4)
DA:2,0
DA:3,0
DA:10,0
DA:12,0
DA:16,0
DA:17,0
DA:25,0
DA:27,0
DA:28,0
DA:29,0
DA:31,0
DA:32,0
DA:34,0
LF:13
LH:0
BRDA:27,0,0,0
BRDA:27,0,1,0
BRF:2
BRH:0
end_of_record
TN:
SF:/Users/goodnesseze/Desktop/project/storeManus-react/src/js/checktoken.js
FN:1,checktoken
FNF:1
FNH:0
FNDA:0,checktoken
DA:2,0
DA:3,0
DA:4,0
DA:5,0
DA:8,0
LF:5
LH:0
BRDA:2,0,0,0
BRDA:2,0,1,0
BRF:2
BRH:0
end_of_record
TN:
SF:/Users/goodnesseze/Desktop/project/storeManus-react/src/js/create-sales.js
FN:15,pop_cate_and_Att_Fields
FN:27,popProducts
FN:31,popProductselectedCate
FN:41,(anonymous_3)
FN:42,(anonymous_4)
FN:44,(anonymous_5)
FN:45,(anonymous_6)
FN:47,(anonymous_7)
FN:55,(anonymous_8)
FN:59,getAvailableProductsCategories
FN:69,(anonymous_10)
FN:70,(anonymous_11)
FN:73,(anonymous_12)
FN:76,(anonymous_13)
FN:84,(anonymous_14)
FN:90,popPrice
FN:94,popSelectedProductPrice
FN:104,(anonymous_17)
FN:105,(anonymous_18)
FN:107,(anonymous_19)
FN:117,(anonymous_20)
FN:121,addUnitTotal
FN:131,addToCart
FN:140,addCartItem
FN:157,displayCartItems
FN:158,(anonymous_25)
FN:173,cartTotal
FN:175,(anonymous_27)
FN:176,(anonymous_28)
FN:180,clearField
FN:190,deleteCartItem
FN:201,setItemToEdit
FN:220,editCartItem
FN:238,editMain
FN:243,doAsPlanned
FN:256,checkout
FN:260,createSalesFunctionality
FN:261,(anonymous_37)
FN:274,getAvailableProductQty
FN:284,(anonymous_39)
FN:285,(anonymous_40)
FN:294,(anonymous_41)
FN:296,updateAvailableProductQty
FN:309,(anonymous_43)
FN:310,(anonymous_44)
FN:318,(anonymous_45)
FN:320,createSalesRecord
FN:335,(anonymous_47)
FN:336,(anonymous_48)
FN:343,(anonymous_49)
FN:345,printReceipt
FNF:51
FNH:0
FNDA:0,pop_cate_and_Att_Fields
FNDA:0,popProducts
FNDA:0,popProductselectedCate
FNDA:0,(anonymous_3)
FNDA:0,(anonymous_4)
FNDA:0,(anonymous_5)
FNDA:0,(anonymous_6)
FNDA:0,(anonymous_7)
FNDA:0,(anonymous_8)
FNDA:0,getAvailableProductsCategories
FNDA:0,(anonymous_10)
FNDA:0,(anonymous_11)
FNDA:0,(anonymous_12)
FNDA:0,(anonymous_13)
FNDA:0,(anonymous_14)
FNDA:0,popPrice
FNDA:0,popSelectedProductPrice
FNDA:0,(anonymous_17)
FNDA:0,(anonymous_18)
FNDA:0,(anonymous_19)
FNDA:0,(anonymous_20)
FNDA:0,addUnitTotal
FNDA:0,addToCart
FNDA:0,addCartItem
FNDA:0,displayCartItems
FNDA:0,(anonymous_25)
FNDA:0,cartTotal
FNDA:0,(anonymous_27)
FNDA:0,(anonymous_28)
FNDA:0,clearField
FNDA:0,deleteCartItem
FNDA:0,setItemToEdit
FNDA:0,editCartItem
FNDA:0,editMain
FNDA:0,doAsPlanned
FNDA:0,checkout
FNDA:0,createSalesFunctionality
FNDA:0,(anonymous_37)
FNDA:0,getAvailableProductQty
FNDA:0,(anonymous_39)
FNDA:0,(anonymous_40)
FNDA:0,(anonymous_41)
FNDA:0,updateAvailableProductQty
FNDA:0,(anonymous_43)
FNDA:0,(anonymous_44)
FNDA:0,(anonymous_45)
FNDA:0,createSalesRecord
FNDA:0,(anonymous_47)
FNDA:0,(anonymous_48)
FNDA:0,(anonymous_49)
FNDA:0,printReceipt
DA:8,0
DA:9,0
DA:10,0
DA:12,0
DA:16,0
DA:17,0
DA:18,0
DA:19,0
DA:20,0
DA:22,0
DA:25,0
DA:28,0
DA:29,0
DA:32,0
DA:33,0
DA:41,0
DA:43,0
DA:44,0
DA:45,0
DA:46,0
DA:47,0
DA:48,0
DA:50,0
DA:52,0
DA:53,0
DA:55,0
DA:60,0
DA:61,0
DA:69,0
DA:71,0
DA:72,0
DA:73,0
DA:74,0
DA:75,0
DA:76,0
DA:77,0
DA:79,0
DA:81,0
DA:82,0
DA:84,0
DA:89,0
DA:91,0
DA:92,0
DA:95,0
DA:96,0
DA:104,0
DA:106,0
DA:107,0
DA:108,0
DA:109,0
DA:110,0
DA:111,0
DA:112,0
DA:114,0
DA:115,0
DA:117,0
DA:120,0
DA:122,0
DA:123,0
DA:124,0
DA:126,0
DA:130,0
DA:132,0
DA:133,0
DA:134,0
DA:135,0
DA:136,0
DA:137,0
DA:141,0
DA:142,0
DA:144,0
DA:145,0
DA:146,0
DA:147,0
DA:148,0
DA:149,0
DA:150,0
DA:151,0
DA:153,0
DA:154,0
DA:155,0
DA:158,0
DA:159,0
DA:169,0
DA:172,0
DA:174,0
DA:175,0
DA:176,0
DA:177,0
DA:181,0
DA:182,0
DA:183,0
DA:184,0
DA:185,0
DA:191,0
DA:192,0
DA:193,0
DA:194,0
DA:195,0
DA:196,0
DA:197,0
DA:198,0
DA:202,0
DA:203,0
DA:204,0
DA:205,0
DA:206,0
DA:207,0
DA:208,0
DA:209,0
DA:210,0
DA:211,0
DA:212,0
DA:213,0
DA:214,0
DA:215,0
DA:216,0
DA:218,0
DA:221,0
DA:222,0
DA:223,0
DA:224,0
DA:225,0
DA:227,0
DA:228,0
DA:229,0
DA:232,0
DA:235,0
DA:236,0
DA:239,0
DA:242,0
DA:244,0
DA:245,0
DA:247,0
DA:248,0
DA:253,0
DA:257,0
DA:261,0
DA:262,0
DA:263,0
DA:264,0
DA:265,0
DA:266,0
DA:267,0
DA:268,0
DA:269,0
DA:270,0
DA:272,0
DA:275,0
DA:276,0
DA:284,0
DA:286,0
DA:287,0
DA:288,0
DA:289,0
DA:291,0
DA:292,0
DA:294,0
DA:297,0
DA:298,0
DA:299,0
DA:300,0
DA:309,0
DA:311,0
DA:312,0
DA:313,0
DA:315,0
DA:316,0
DA:318,0
DA:321,0
DA:322,0
DA:323,0
DA:324,0
DA:325,0
DA:326,0
DA:335,0
DA:337,0
DA:338,0
DA:340,0
DA:341,0
DA:343,0
DA:346,0
DA:347,0
LF:183
LH:0
BRDA:9,0,0,0
BRDA:9,0,1,0
BRDA:43,1,0,0
BRDA:43,1,1,0
BRDA:71,2,0,0
BRDA:71,2,1,0
BRDA:106,3,0,0
BRDA:106,3,1,0
BRDA:141,4,0,0
BRDA:141,4,1,0
BRDA:150,5,0,0
BRDA:150,5,1,0
BRDA:150,6,0,0
BRDA:150,6,1,0
BRDA:150,6,2,0
BRDA:150,6,3,0
BRDA:150,6,4,0
BRDA:174,7,0,0
BRDA:174,7,1,0
BRDA:194,8,0,0
BRDA:194,8,1,0
BRDA:205,9,0,0
BRDA:205,9,1,0
BRDA:228,10,0,0
BRDA:228,10,1,0
BRDA:228,11,0,0
BRDA:228,11,1,0
BRDA:228,11,2,0
BRDA:228,11,3,0
BRDA:228,11,4,0
BRDA:244,12,0,0
BRDA:244,12,1,0
BRDA:247,13,0,0
BRDA:247,13,1,0
BRDA:286,14,0,0
BRDA:286,14,1,0
BRDA:311,15,0,0
BRDA:311,15,1,0
BRDA:337,16,0,0
BRDA:337,16,1,0
BRF:40
BRH:0
end_of_record
TN:
SF:/Users/goodnesseze/Desktop/project/storeManus-react/src/js/jwt-decode.min.js
FN:1,a
FN:1,e
FN:1,(anonymous_2)
FN:1,(anonymous_3)
FN:1,d
FN:1,e
FN:1,(anonymous_6)
FN:1,d
FN:1,(anonymous_8)
FN:1,(anonymous_9)
FN:1,(anonymous_10)
FN:1,d
FN:1,(anonymous_12)
FN:1,(anonymous_13)
FN:1,(anonymous_14)
FN:1,(anonymous_15)
FNF:16
FNH:0
FNDA:0,a
FNDA:0,e
FNDA:0,(anonymous_2)
FNDA:0,(anonymous_3)
FNDA:0,d
FNDA:0,e
FNDA:0,(anonymous_6)
FNDA:0,d
FNDA:0,(anonymous_8)
FNDA:0,(anonymous_9)
FNDA:0,(anonymous_10)
FNDA:0,d
FNDA:0,(anonymous_12)
FNDA:0,(anonymous_13)
FNDA:0,(anonymous_14)
FNDA:0,(anonymous_15)
DA:1,0
LF:1
LH:0
BRDA:1,0,0,0
BRDA:1,0,1,0
BRDA:1,1,0,0
BRDA:1,1,1,0
BRDA:1,2,0,0
BRDA:1,2,1,0
BRDA:1,3,0,0
BRDA:1,3,1,0
BRDA:1,4,0,0
BRDA:1,4,1,0
BRDA:1,5,0,0
BRDA:1,5,1,0
BRDA:1,6,0,0
BRDA:1,6,1,0
BRDA:1,7,0,0
BRDA:1,7,1,0
BRDA:1,8,0,0
BRDA:1,8,1,0
BRDA:1,9,0,0
BRDA:1,9,1,0
BRDA:1,10,0,0
BRDA:1,10,1,0
BRDA:1,11,0,0
BRDA:1,11,1,0
BRDA:1,12,0,0
BRDA:1,12,1,0
BRDA:1,12,2,0
BRDA:1,12,3,0
BRDA:1,13,0,0
BRDA:1,13,1,0
BRDA:1,14,0,0
BRDA:1,14,1,0
BRDA:1,14,2,0
BRDA:1,14,3,0
BRDA:1,15,0,0
BRDA:1,15,1,0
BRDA:1,16,0,0
BRDA:1,16,1,0
BRDA:1,17,0,0
BRDA:1,17,1,0
BRDA:1,18,0,0
BRDA:1,18,1,0
BRDA:1,19,0,0
BRDA:1,19,1,0
BRDA:1,20,0,0
BRDA:1,20,1,0
BRDA:1,21,0,0
BRDA:1,21,1,0
BRDA:1,22,0,0
BRDA:1,22,1,0
BRDA:1,23,0,0
BRDA:1,23,1,0
BRF:52
BRH:0
end_of_record
TN:
SF:/Users/goodnesseze/Desktop/project/storeManus-react/src/js/loadash.js
FN:10,(anonymous_0)
FN:89,arrayPush
FN:105,baseFindIndex
FN:124,baseProperty
FN:125,(anonymous_4)
FN:137,basePropertyOf
FN:138,(anonymous_6)
FN:156,baseReduce
FN:157,(anonymous_8)
FN:175,baseValues
FN:176,(anonymous_10)
FN:198,overArg
FN:199,(anonymous_12)
FN:354,lodash
FN:368,(anonymous_14)
FN:369,object
FN:370,(anonymous_16)
FN:391,LodashWrapper
FN:412,assignValue
FN:429,baseAssignValue
FN:443,baseDelay
FN:447,(anonymous_21)
FN:469,baseEvery
FN:471,(anonymous_23)
FN:488,baseExtremum
FN:515,baseFilter
FN:517,(anonymous_26)
FN:536,baseFlatten
FN:580,baseForOwn
FN:593,baseFunctions
FN:594,(anonymous_30)
FN:606,baseGetTag
FN:619,baseGt
FN:639,baseIsDate
FN:657,baseIsEqual
FN:681,baseIsEqualDeep
FN:695,(anonymous_36)
FN:698,(anonymous_37)
FN:741,baseIsRegExp
FN:752,baseIteratee
FN:771,baseLt
FN:783,baseMap
FN:787,(anonymous_42)
FN:800,baseMatches
FN:802,(anonymous_44)
FN:829,basePick
FN:831,(anonymous_46)
FN:847,baseRest
FN:860,baseSlice
FN:889,copyArray
FN:902,baseSome
FN:905,(anonymous_51)
FN:922,baseWrapperValue
FN:924,(anonymous_53)
FN:937,compareAscending
FN:977,copyObject
FN:1010,createAssigner
FN:1011,(anonymous_57)
FN:1039,createBaseEach
FN:1040,(anonymous_59)
FN:1067,createBaseFor
FN:1068,(anonymous_61)
FN:1092,createCtor
FN:1093,(anonymous_63)
FN:1114,createFind
FN:1115,(anonymous_65)
FN:1120,(anonymous_66)
FN:1139,createPartial
FN:1146,wrapper
FN:1178,equalArrays
FN:1205,(anonymous_70)
FN:1242,equalByTag
FN:1279,equalObjects
FN:1337,flatRest
FN:1348,isFlattenable
FN:1360,isIndex
FN:1380,isIterateeCall
FN:1403,nativeKeysIn
FN:1420,objectToString
FN:1433,overRest
FN:1435,(anonymous_80)
FN:1481,compact
FN:1507,concat
FN:1557,findIndex
FN:1583,flatten
FN:1602,flattenDeep
FN:1625,head
FN:1652,indexOf
FN:1685,last
FN:1706,slice
FN:1744,chain
FN:1773,tap
FN:1801,thru
FN:1832,wrapperChain
FN:1850,wrapperValue
FN:1897,every
FN:1939,filter
FN:2011,forEach
FN:2057,map
FN:2098,reduce
FN:2123,size
FN:2167,some
FN:2201,sortBy
FN:2205,(anonymous_103)
FN:2207,(anonymous_104)
FN:2231,before
FN:2237,(anonymous_106)
FN:2283,(anonymous_107)
FN:2305,(anonymous_108)
FN:2328,(anonymous_109)
FN:2352,negate
FN:2356,(anonymous_111)
FN:2380,once
FN:2412,clone
FN:2451,eq
FN:2473,(anonymous_115)
FN:2473,(anonymous_116)
FN:2528,isArrayLike
FN:2549,isBoolean
FN:2606,isEmpty
FN:2643,isEqual
FN:2673,isFinite
FN:2694,isFunction
FN:2730,isLength
FN:2760,isObject
FN:2789,isObjectLike
FN:2821,isNaN
FN:2845,isNull
FN:2875,isNumber
FN:2916,isString
FN:2938,isUndefined
FN:2965,toArray
FN:3046,toString
FN:3087,(anonymous_133)
FN:3122,(anonymous_134)
FN:3160,create
FN:3186,(anonymous_136)
FN:3244,has
FN:3320,(anonymous_138)
FN:3353,result
FN:3387,values
FN:3421,escape
FN:3446,identity
FN:3522,matches
FN:3562,mixin
FN:3576,(anonymous_145)
FN:3580,(anonymous_146)
FN:3611,noConflict
FN:3630,noop
FN:3651,uniqueId
FN:3676,max
FN:3700,min
FN:3785,(anonymous_152)
FN:3787,(anonymous_153)
FN:3807,(anonymous_154)
FN:3812,(anonymous_155)
FN:3818,(anonymous_156)
FN:3839,(anonymous_157)
FNF:158
FNH:0
FNDA:0,(anonymous_0)
FNDA:0,arrayPush
FNDA:0,baseFindIndex
FNDA:0,baseProperty
FNDA:0,(anonymous_4)
FNDA:0,basePropertyOf
FNDA:0,(anonymous_6)
FNDA:0,baseReduce
FNDA:0,(anonymous_8)
FNDA:0,baseValues
FNDA:0,(anonymous_10)
FNDA:0,overArg
FNDA:0,(anonymous_12)
FNDA:0,lodash
FNDA:0,(anonymous_14)
FNDA:0,object
FNDA:0,(anonymous_16)
FNDA:0,LodashWrapper
FNDA:0,assignValue
FNDA:0,baseAssignValue
FNDA:0,baseDelay
FNDA:0,(anonymous_21)
FNDA:0,baseEvery
FNDA:0,(anonymous_23)
FNDA:0,baseExtremum
FNDA:0,baseFilter
FNDA:0,(anonymous_26)
FNDA:0,baseFlatten
FNDA:0,baseForOwn
FNDA:0,baseFunctions
FNDA:0,(anonymous_30)
FNDA:0,baseGetTag
FNDA:0,baseGt
FNDA:0,baseIsDate
FNDA:0,baseIsEqual
FNDA:0,baseIsEqualDeep
FNDA:0,(anonymous_36)
FNDA:0,(anonymous_37)
FNDA:0,baseIsRegExp
FNDA:0,baseIteratee
FNDA:0,baseLt
FNDA:0,baseMap
FNDA:0,(anonymous_42)
FNDA:0,baseMatches
FNDA:0,(anonymous_44)
FNDA:0,basePick
FNDA:0,(anonymous_46)
FNDA:0,baseRest
FNDA:0,baseSlice
FNDA:0,copyArray
FNDA:0,baseSome
FNDA:0,(anonymous_51)
FNDA:0,baseWrapperValue
FNDA:0,(anonymous_53)
FNDA:0,compareAscending
FNDA:0,copyObject
FNDA:0,createAssigner
FNDA:0,(anonymous_57)
FNDA:0,createBaseEach
FNDA:0,(anonymous_59)
FNDA:0,createBaseFor
FNDA:0,(anonymous_61)
FNDA:0,createCtor
FNDA:0,(anonymous_63)
FNDA:0,createFind
FNDA:0,(anonymous_65)
FNDA:0,(anonymous_66)
FNDA:0,createPartial
FNDA:0,wrapper
FNDA:0,equalArrays
FNDA:0,(anonymous_70)
FNDA:0,equalByTag
FNDA:0,equalObjects
FNDA:0,flatRest
FNDA:0,isFlattenable
FNDA:0,isIndex
FNDA:0,isIterateeCall
FNDA:0,nativeKeysIn
FNDA:0,objectToString
FNDA:0,overRest
FNDA:0,(anonymous_80)
FNDA:0,compact
FNDA:0,concat
FNDA:0,findIndex
FNDA:0,flatten
FNDA:0,flattenDeep
FNDA:0,head
FNDA:0,indexOf
FNDA:0,last
FNDA:0,slice
FNDA:0,chain
FNDA:0,tap
FNDA:0,thru
FNDA:0,wrapperChain
FNDA:0,wrapperValue
FNDA:0,every
FNDA:0,filter
FNDA:0,forEach
FNDA:0,map
FNDA:0,reduce
FNDA:0,size
FNDA:0,some
FNDA:0,sortBy
FNDA:0,(anonymous_103)
FNDA:0,(anonymous_104)
FNDA:0,before
FNDA:0,(anonymous_106)
FNDA:0,(anonymous_107)
FNDA:0,(anonymous_108)
FNDA:0,(anonymous_109)
FNDA:0,negate
FNDA:0,(anonymous_111)
FNDA:0,once
FNDA:0,clone
FNDA:0,eq
FNDA:0,(anonymous_115)
FNDA:0,(anonymous_116)
FNDA:0,isArrayLike
FNDA:0,isBoolean
FNDA:0,isEmpty
FNDA:0,isEqual
FNDA:0,isFinite
FNDA:0,isFunction
FNDA:0,isLength
FNDA:0,isObject
FNDA:0,isObjectLike
FNDA:0,isNaN
FNDA:0,isNull
FNDA:0,isNumber
FNDA:0,isString
FNDA:0,isUndefined
FNDA:0,toArray
FNDA:0,toString
FNDA:0,(anonymous_133)
FNDA:0,(anonymous_134)
FNDA:0,create
FNDA:0,(anonymous_136)
FNDA:0,has
FNDA:0,(anonymous_138)
FNDA:0,result
FNDA:0,values
FNDA:0,escape
FNDA:0,identity
FNDA:0,matches
FNDA:0,mixin
FNDA:0,(anonymous_145)
FNDA:0,(anonymous_146)
FNDA:0,noConflict
FNDA:0,noop
FNDA:0,uniqueId
FNDA:0,max
FNDA:0,min
FNDA:0,(anonymous_152)
FNDA:0,(anonymous_153)
FNDA:0,(anonymous_154)
FNDA:0,(anonymous_155)
FNDA:0,(anonymous_156)
FNDA:0,(anonymous_157)
DA:10,0
DA:16,0
DA:19,0
DA:22,0
DA:23,0
DA:26,0
DA:27,0
DA:30,0
DA:31,0
DA:34,0
DA:35,0
DA:36,0
DA:37,0
DA:38,0
DA:39,0
DA:40,0
DA:41,0
DA:42,0
DA:43,0
DA:44,0
DA:45,0
DA:46,0
DA:49,0
DA:50,0
DA:53,0
DA:56,0
DA:65,0
DA:68,0
DA:71,0
DA:74,0
DA:77,0
DA:90,0
DA:91,0
DA:106,0
DA:107,0
DA:109,0
DA:110,0
DA:111,0
DA:114,0
DA:125,0
DA:126,0
DA:138,0
DA:139,0
DA:157,0
DA:158,0
DA:162,0
DA:176,0
DA:177,0
DA:188,0
DA:199,0
DA:200,0
DA:207,0
DA:208,0
DA:211,0
DA:214,0
DA:221,0
DA:224,0
DA:227,0
DA:228,0
DA:231,0
DA:232,0
DA:233,0
DA:355,0
DA:368,0
DA:370,0
DA:371,0
DA:372,0
DA:374,0
DA:375,0
DA:377,0
DA:378,0
DA:379,0
DA:380,0
DA:392,0
DA:393,0
DA:394,0
DA:397,0
DA:398,0
DA:413,0
DA:414,0
DA:416,0
DA:430,0
DA:444,0
DA:445,0
DA:447,0
DA:458,0
DA:470,0
DA:471,0
DA:472,0
DA:473,0
DA:475,0
DA:489,0
DA:490,0
DA:492,0
DA:493,0
DA:494,0
DA:496,0
DA:500,0
DA:501,0
DA:504,0
DA:516,0
DA:517,0
DA:518,0
DA:519,0
DA:522,0
DA:537,0
DA:538,0
DA:540,0
DA:541,0
DA:543,0
DA:544,0
DA:545,0
DA:546,0
DA:548,0
DA:550,0
DA:552,0
DA:553,0
DA:556,0
DA:570,0
DA:581,0
DA:594,0
DA:595,0
DA:607,0
DA:620,0
DA:630,0
DA:640,0
DA:658,0
DA:659,0
DA:661,0
DA:662,0
DA:664,0
DA:682,0
DA:683,0
DA:684,0
DA:685,0
DA:687,0
DA:688,0
DA:690,0
DA:691,0
DA:692,0
DA:694,0
DA:695,0
DA:696,0
DA:698,0
DA:699,0
DA:701,0
DA:702,0
DA:704,0
DA:705,0
DA:706,0
DA:707,0
DA:710,0
DA:711,0
DA:713,0
DA:714,0
DA:715,0
DA:717,0
DA:718,0
DA:719,0
DA:721,0
DA:722,0
DA:723,0
DA:726,0
DA:727,0
DA:729,0
DA:730,0
DA:731,0
DA:742,0
DA:753,0
DA:754,0
DA:756,0
DA:757,0
DA:759,0
DA:772,0
DA:784,0
DA:785,0
DA:787,0
DA:788,0
DA:790,0
DA:801,0
DA:802,0
DA:803,0
DA:804,0
DA:805,0
DA:807,0
DA:808,0
DA:809,0
DA:810,0
DA:813,0
DA:816,0
DA:830,0
DA:831,0
DA:832,0
DA:833,0
DA:835,0
DA:848,0
DA:861,0
DA:862,0
DA:864,0
DA:865,0
DA:867,0
DA:868,0
DA:869,0
DA:871,0
DA:872,0
DA:874,0
DA:875,0
DA:876,0
DA:878,0
DA:890,0
DA:905,0
DA:906,0
DA:907,0
DA:909,0
DA:923,0
DA:924,0
DA:925,0
DA:938,0
DA:939,0
DA:940,0
DA:941,0
DA:942,0
DA:944,0
DA:945,0
DA:946,0
DA:947,0
DA:949,0
DA:954,0
DA:956,0
DA:961,0
DA:964,0
DA:978,0
DA:979,0
DA:981,0
DA:982,0
DA:984,0
DA:985,0
DA:987,0
DA:991,0
DA:992,0
DA:994,0
DA:995,0
DA:997,0
DA:1000,0
DA:1011,0
DA:1012,0
DA:1013,0
DA:1014,0
DA:1016,0
DA:1020,0
DA:1021,0
DA:1022,0
DA:1023,0
DA:1024,0
DA:1027,0
DA:1040,0
DA:1041,0
DA:1042,0
DA:1044,0
DA:1045,0
DA:1047,0
DA:1048,0
DA:1049,0
DA:1051,0
DA:1052,0
DA:1053,0
DA:1056,0
DA:1068,0
DA:1069,0
DA:1070,0
DA:1071,0
DA:1072,0
DA:1074,0
DA:1075,0
DA:1076,0
DA:1077,0
DA:1080,0
DA:1093,0
DA:1097,0
DA:1098,0
DA:1099,0
DA:1103,0
DA:1115,0
DA:1116,0
DA:1117,0
DA:1118,0
DA:1119,0
DA:1120,0
DA:1122,0
DA:1123,0
DA:1140,0
DA:1141,0
DA:1143,0
DA:1144,0
DA:1147,0
DA:1148,0
DA:1149,0
DA:1150,0
DA:1151,0
DA:1152,0
DA:1154,0
DA:1155,0
DA:1157,0
DA:1158,0
DA:1160,0
DA:1162,0
DA:1179,0
DA:1180,0
DA:1181,0
DA:1183,0
DA:1184,0
DA:1186,0
DA:1187,0
DA:1188,0
DA:1191,0
DA:1192,0
DA:1193,0
DA:1196,0
DA:1197,0
DA:1198,0
DA:1200,0
DA:1201,0
DA:1204,0
DA:1205,0
DA:1206,0
DA:1208,0
DA:1211,0
DA:1212,0
DA:1214,0
DA:1218,0
DA:1219,0
DA:1222,0
DA:1243,0
DA:1250,0
DA:1253,0
DA:1260,0
DA:1263,0
DA:1280,0
DA:1281,0
DA:1282,0
DA:1283,0
DA:1284,0
DA:1286,0
DA:1287,0
DA:1289,0
DA:1290,0
DA:1291,0
DA:1292,0
DA:1293,0
DA:1296,0
DA:1298,0
DA:1299,0
DA:1300,0
DA:1301,0
DA:1302,0
DA:1306,0
DA:1310,0
DA:1311,0
DA:1313,0
DA:1315,0
DA:1316,0
DA:1317,0
DA:1320,0
DA:1324,0
DA:1327,0
DA:1338,0
DA:1349,0
DA:1361,0
DA:1362,0
DA:1364,0
DA:1381,0
DA:1382,0
DA:1384,0
DA:1385,0
DA:1389,0
DA:1391,0
DA:1404,0
DA:1405,0
DA:1406,0
DA:1407,0
DA:1410,0
DA:1421,0
DA:1434,0
DA:1435,0
DA:1436,0
DA:1437,0
DA:1438,0
DA:1439,0
DA:1441,0
DA:1442,0
DA:1444,0
DA:1445,0
DA:1446,0
DA:1447,0
DA:1449,0
DA:1450,0
DA:1462,0
DA:1482,0
DA:1508,0
DA:1509,0
DA:1510,0
DA:1512,0
DA:1513,0
DA:1514,0
DA:1516,0
DA:1517,0
DA:1519,0
DA:1558,0
DA:1559,0
DA:1560,0
DA:1562,0
DA:1563,0
DA:1564,0
DA:1566,0
DA:1584,0
DA:1585,0
DA:1603,0
DA:1604,0
DA:1626,0
DA:1653,0
DA:1654,0
DA:1655,0
DA:1657,0
DA:1659,0
DA:1660,0
DA:1662,0
DA:1663,0
DA:1664,0
DA:1665,0
DA:1668,0
DA:1686,0
DA:1687,0
DA:1707,0
DA:1708,0
DA:1709,0
DA:1710,0
DA:1745,0
DA:1746,0
DA:1747,0
DA:1774,0
DA:1775,0
DA:1802,0
DA:1833,0
DA:1851,0
DA:1898,0
DA:1899,0
DA:1940,0
DA:1979,0
DA:2012,0
DA:2058,0
DA:2099,0
DA:2124,0
DA:2125,0
DA:2127,0
DA:2128,0
DA:2168,0
DA:2169,0
DA:2202,0
DA:2203,0
DA:2205,0
DA:2206,0
DA:2208,0
DA:2233,0
DA:2234,0
DA:2236,0
DA:2237,0
DA:2238,0
DA:2239,0
DA:2241,0
DA:2242,0
DA:2244,0
DA:2283,0
DA:2284,0
DA:2305,0
DA:2306,0
DA:2328,0
DA:2329,0
DA:2353,0
DA:2354,0
DA:2356,0
DA:2357,0
DA:2358,0
DA:2381,0
DA:2413,0
DA:2414,0
DA:2416,0
DA:2452,0
DA:2473,0
DA:2474,0
DA:2501,0
DA:2529,0
DA:2550,0
DA:2571,0
DA:2607,0
DA:2610,0
DA:2612,0
DA:2644,0
DA:2674,0
DA:2695,0
DA:2696,0
DA:2700,0
DA:2701,0
DA:2731,0
DA:2761,0
DA:2762,0
DA:2790,0
DA:2825,0
DA:2846,0
DA:2876,0
DA:2897,0
DA:2917,0
DA:2939,0
DA:2966,0
DA:2967,0
DA:2969,0
DA:2998,0
DA:3023,0
DA:3047,0
DA:3048,0
DA:3050,0
DA:3087,0
DA:3088,0
DA:3122,0
DA:3123,0
DA:3161,0
DA:3162,0
DA:3186,0
DA:3187,0
DA:3189,0
DA:3190,0
DA:3191,0
DA:3193,0
DA:3194,0
DA:3197,0
DA:3198,0
DA:3199,0
DA:3200,0
DA:3201,0
DA:3203,0
DA:3204,0
DA:3205,0
DA:3207,0
DA:3209,0
DA:3214,0
DA:3245,0
DA:3276,0
DA:3301,0
DA:3320,0
DA:3321,0
DA:3354,0
DA:3355,0
DA:3356,0
DA:3358,0
DA:3388,0
DA:3422,0
DA:3423,0
DA:3447,0
DA:3492,0
DA:3523,0
DA:3563,0
DA:3564,0
DA:3566,0
DA:3568,0
DA:3569,0
DA:3570,0
DA:3571,0
DA:3573,0
DA:3574,0
DA:3576,0
DA:3577,0
DA:3578,0
DA:3579,0
DA:3580,0
DA:3581,0
DA:3582,0
DA:3583,0
DA:3584,0
DA:3586,0
DA:3587,0
DA:3588,0
DA:3590,0
DA:3595,0
DA:3612,0
DA:3613,0
DA:3615,0
DA:3652,0
DA:3653,0
DA:3677,0
DA:3701,0
DA:3709,0
DA:3710,0
DA:3711,0
DA:3712,0
DA:3713,0
DA:3714,0
DA:3715,0
DA:3716,0
DA:3717,0
DA:3718,0
DA:3719,0
DA:3720,0
DA:3721,0
DA:3722,0
DA:3723,0
DA:3724,0
DA:3725,0
DA:3726,0
DA:3727,0
DA:3728,0
DA:3729,0
DA:3730,0
DA:3731,0
DA:3732,0
DA:3733,0
DA:3734,0
DA:3735,0
DA:3738,0
DA:3741,0
DA:3746,0
DA:3747,0
DA:3748,0
DA:3749,0
DA:3750,0
DA:3751,0
DA:3752,0
DA:3753,0
DA:3754,0
DA:3755,0
DA:3756,0
DA:3757,0
DA:3758,0
DA:3759,0
DA:3760,0
DA:3761,0
DA:3762,0
DA:3763,0
DA:3764,0
DA:3765,0
DA:3766,0
DA:3767,0
DA:3768,0
DA:3769,0
DA:3770,0
DA:3771,0
DA:3772,0
DA:3773,0
DA:3774,0
DA:3775,0
DA:3776,0
DA:3777,0
DA:3778,0
DA:3779,0
DA:3782,0
DA:3783,0
DA:3785,0
DA:3786,0
DA:3787,0
DA:3788,0
DA:3789,0
DA:3792,0
DA:3804,0
DA:3807,0
DA:3808,0
DA:3809,0
DA:3810,0
DA:3812,0
DA:3813,0
DA:3814,0
DA:3815,0
DA:3816,0
DA:3818,0
DA:3819,0
DA:3825,0
DA:3830,0
DA:3835,0
DA:3839,0
DA:3840,0
DA:3844,0
DA:3846,0
DA:3848,0
DA:3852,0
LF:681
LH:0
BRDA:65,0,0,0
BRDA:65,0,1,0
BRDA:65,0,2,0
BRDA:65,0,3,0
BRDA:68,1,0,0
BRDA:68,1,1,0
BRDA:68,1,2,0
BRDA:68,1,3,0
BRDA:71,2,0,0
BRDA:71,2,1,0
BRDA:71,2,2,0
BRDA:74,3,0,0
BRDA:74,3,1,0
BRDA:74,3,2,0
BRDA:74,3,3,0
BRDA:77,4,0,0
BRDA:77,4,1,0
BRDA:77,4,2,0
BRDA:77,4,3,0
BRDA:77,4,4,0
BRDA:107,5,0,0
BRDA:107,5,1,0
BRDA:109,6,0,0
BRDA:109,6,1,0
BRDA:110,7,0,0
BRDA:110,7,1,0
BRDA:126,8,0,0
BRDA:126,8,1,0
BRDA:139,9,0,0
BRDA:139,9,1,0
BRDA:158,10,0,0
BRDA:158,10,1,0
BRDA:355,11,0,0
BRDA:355,11,1,0
BRDA:371,12,0,0
BRDA:371,12,1,0
BRDA:374,13,0,0
BRDA:374,13,1,0
BRDA:414,14,0,0
BRDA:414,14,1,0
BRDA:414,15,0,0
BRDA:414,15,1,0
BRDA:414,15,2,0
BRDA:414,16,0,0
BRDA:414,16,1,0
BRDA:444,17,0,0
BRDA:444,17,1,0
BRDA:496,18,0,0
BRDA:496,18,1,0
BRDA:496,19,0,0
BRDA:496,19,1,0
BRDA:496,20,0,0
BRDA:496,20,1,0
BRDA:497,21,0,0
BRDA:497,21,1,0
BRDA:518,22,0,0
BRDA:518,22,1,0
BRDA:540,23,0,0
BRDA:540,23,1,0
BRDA:541,24,0,0
BRDA:541,24,1,0
BRDA:545,25,0,0
BRDA:545,25,1,0
BRDA:545,26,0,0
BRDA:545,26,1,0
BRDA:546,27,0,0
BRDA:546,27,1,0
BRDA:552,28,0,0
BRDA:552,28,1,0
BRDA:581,29,0,0
BRDA:581,29,1,0
BRDA:640,30,0,0
BRDA:640,30,1,0
BRDA:658,31,0,0
BRDA:658,31,1,0
BRDA:661,32,0,0
BRDA:661,32,1,0
BRDA:661,33,0,0
BRDA:661,33,1,0
BRDA:661,33,2,0
BRDA:661,33,3,0
BRDA:662,34,0,0
BRDA:662,34,1,0
BRDA:684,35,0,0
BRDA:684,35,1,0
BRDA:685,36,0,0
BRDA:685,36,1,0
BRDA:687,37,0,0
BRDA:687,37,1,0
BRDA:688,38,0,0
BRDA:688,38,1,0
BRDA:694,39,0,0
BRDA:694,39,1,0
BRDA:701,40,0,0
BRDA:701,40,1,0
BRDA:701,41,0,0
BRDA:701,41,1,0
BRDA:706,42,0,0
BRDA:706,42,1,0
BRDA:706,43,0,0
BRDA:706,43,1,0
BRDA:707,44,0,0
BRDA:707,44,1,0
BRDA:713,45,0,0
BRDA:713,45,1,0
BRDA:714,46,0,0
BRDA:714,46,1,0
BRDA:715,47,0,0
BRDA:715,47,1,0
BRDA:717,48,0,0
BRDA:717,48,1,0
BRDA:717,49,0,0
BRDA:717,49,1,0
BRDA:718,50,0,0
BRDA:718,50,1,0
BRDA:719,51,0,0
BRDA:719,51,1,0
BRDA:726,52,0,0
BRDA:726,52,1,0
BRDA:742,53,0,0
BRDA:742,53,1,0
BRDA:753,54,0,0
BRDA:753,54,1,0
BRDA:756,55,0,0
BRDA:756,55,1,0
BRDA:759,56,0,0
BRDA:759,56,1,0
BRDA:785,57,0,0
BRDA:785,57,1,0
BRDA:804,58,0,0
BRDA:804,58,1,0
BRDA:810,59,0,0
BRDA:810,59,1,0
BRDA:810,60,0,0
BRDA:810,60,1,0
BRDA:832,61,0,0
BRDA:832,61,1,0
BRDA:864,62,0,0
BRDA:864,62,1,0
BRDA:865,63,0,0
BRDA:865,63,1,0
BRDA:867,64,0,0
BRDA:867,64,1,0
BRDA:868,65,0,0
BRDA:868,65,1,0
BRDA:871,66,0,0
BRDA:871,66,1,0
BRDA:938,67,0,0
BRDA:938,67,1,0
BRDA:949,68,0,0
BRDA:949,68,1,0
BRDA:949,69,0,0
BRDA:949,69,1,0
BRDA:949,69,2,0
BRDA:949,69,3,0
BRDA:949,69,4,0
BRDA:949,69,5,0
BRDA:949,69,6,0
BRDA:949,69,7,0
BRDA:949,69,8,0
BRDA:949,69,9,0
BRDA:949,69,10,0
BRDA:949,69,11,0
BRDA:949,69,12,0
BRDA:949,69,13,0
BRDA:949,69,14,0
BRDA:956,70,0,0
BRDA:956,70,1,0
BRDA:956,71,0,0
BRDA:956,71,1,0
BRDA:956,71,2,0
BRDA:956,71,3,0
BRDA:956,71,4,0
BRDA:956,71,5,0
BRDA:956,71,6,0
BRDA:956,71,7,0
BRDA:956,71,8,0
BRDA:956,71,9,0
BRDA:956,71,10,0
BRDA:956,71,11,0
BRDA:956,71,12,0
BRDA:956,71,13,0
BRDA:956,71,14,0
BRDA:979,72,0,0
BRDA:979,72,1,0
BRDA:987,73,0,0
BRDA:987,73,1,0
BRDA:991,74,0,0
BRDA:991,74,1,0
BRDA:994,75,0,0
BRDA:994,75,1,0
BRDA:1014,76,0,0
BRDA:1014,76,1,0
BRDA:1016,77,0,0
BRDA:1016,77,1,0
BRDA:1016,78,0,0
BRDA:1016,78,1,0
BRDA:1023,79,0,0
BRDA:1023,79,1,0
BRDA:1041,80,0,0
BRDA:1041,80,1,0
BRDA:1044,81,0,0
BRDA:1044,81,1,0
BRDA:1048,82,0,0
BRDA:1048,82,1,0
BRDA:1051,83,0,0
BRDA:1051,83,1,0
BRDA:1052,84,0,0
BRDA:1052,84,1,0
BRDA:1075,85,0,0
BRDA:1075,85,1,0
BRDA:1076,86,0,0
BRDA:1076,86,1,0
BRDA:1103,87,0,0
BRDA:1103,87,1,0
BRDA:1117,88,0,0
BRDA:1117,88,1,0
BRDA:1123,89,0,0
BRDA:1123,89,1,0
BRDA:1123,90,0,0
BRDA:1123,90,1,0
BRDA:1140,91,0,0
BRDA:1140,91,1,0
BRDA:1152,92,0,0
BRDA:1152,92,1,0
BRDA:1152,93,0,0
BRDA:1152,93,1,0
BRDA:1152,93,2,0
BRDA:1160,94,0,0
BRDA:1160,94,1,0
BRDA:1183,95,0,0
BRDA:1183,95,1,0
BRDA:1183,96,0,0
BRDA:1183,96,1,0
BRDA:1183,97,0,0
BRDA:1183,97,1,0
BRDA:1188,98,0,0
BRDA:1188,98,1,0
BRDA:1196,99,0,0
BRDA:1196,99,1,0
BRDA:1197,100,0,0
BRDA:1197,100,1,0
BRDA:1204,101,0,0
BRDA:1204,101,1,0
BRDA:1205,102,0,0
BRDA:1205,102,1,0
BRDA:1206,103,0,0
BRDA:1206,103,1,0
BRDA:1206,104,0,0
BRDA:1206,104,1,0
BRDA:1206,104,2,0
BRDA:1214,105,0,0
BRDA:1214,105,1,0
BRDA:1215,106,0,0
BRDA:1215,106,1,0
BRDA:1243,107,0,0
BRDA:1243,107,1,0
BRDA:1243,107,2,0
BRDA:1243,107,3,0
BRDA:1243,107,4,0
BRDA:1243,107,5,0
BRDA:1253,108,0,0
BRDA:1253,108,1,0
BRDA:1286,109,0,0
BRDA:1286,109,1,0
BRDA:1286,110,0,0
BRDA:1286,110,1,0
BRDA:1292,111,0,0
BRDA:1292,111,1,0
BRDA:1292,112,0,0
BRDA:1292,112,1,0
BRDA:1306,113,0,0
BRDA:1306,113,1,0
BRDA:1306,114,0,0
BRDA:1306,114,1,0
BRDA:1307,115,0,0
BRDA:1307,115,1,0
BRDA:1313,116,0,0
BRDA:1313,116,1,0
BRDA:1315,117,0,0
BRDA:1315,117,1,0
BRDA:1315,118,0,0
BRDA:1315,118,1,0
BRDA:1320,119,0,0
BRDA:1320,119,1,0
BRDA:1320,120,0,0
BRDA:1320,120,1,0
BRDA:1320,120,2,0
BRDA:1320,120,3,0
BRDA:1322,121,0,0
BRDA:1322,121,1,0
BRDA:1322,121,2,0
BRDA:1322,121,3,0
BRDA:1349,122,0,0
BRDA:1349,122,1,0
BRDA:1362,123,0,0
BRDA:1362,123,1,0
BRDA:1364,124,0,0
BRDA:1364,124,1,0
BRDA:1364,124,2,0
BRDA:1364,124,3,0
BRDA:1364,124,4,0
BRDA:1364,124,5,0
BRDA:1364,124,6,0
BRDA:1381,125,0,0
BRDA:1381,125,1,0
BRDA:1385,126,0,0
BRDA:1385,126,1,0
BRDA:1385,127,0,0
BRDA:1385,127,1,0
BRDA:1386,128,0,0
BRDA:1386,128,1,0
BRDA:1387,129,0,0
BRDA:1387,129,1,0
BRDA:1405,130,0,0
BRDA:1405,130,1,0
BRDA:1434,131,0,0
BRDA:1434,131,1,0
BRDA:1509,132,0,0
BRDA:1509,132,1,0
BRDA:1519,133,0,0
BRDA:1519,133,1,0
BRDA:1558,134,0,0
BRDA:1558,134,1,0
BRDA:1559,135,0,0
BRDA:1559,135,1,0
BRDA:1562,136,0,0
BRDA:1562,136,1,0
BRDA:1563,137,0,0
BRDA:1563,137,1,0
BRDA:1584,138,0,0
BRDA:1584,138,1,0
BRDA:1585,139,0,0
BRDA:1585,139,1,0
BRDA:1603,140,0,0
BRDA:1603,140,1,0
BRDA:1604,141,0,0
BRDA:1604,141,1,0
BRDA:1626,142,0,0
BRDA:1626,142,1,0
BRDA:1626,143,0,0
BRDA:1626,143,1,0
BRDA:1653,144,0,0
BRDA:1653,144,1,0
BRDA:1654,145,0,0
BRDA:1654,145,1,0
BRDA:1655,146,0,0
BRDA:1655,146,1,0
BRDA:1659,147,0,0
BRDA:1659,147,1,0
BRDA:1664,148,0,0
BRDA:1664,148,1,0
BRDA:1664,149,0,0
BRDA:1664,149,1,0
BRDA:1686,150,0,0
BRDA:1686,150,1,0
BRDA:1687,151,0,0
BRDA:1687,151,1,0
BRDA:1707,152,0,0
BRDA:1707,152,1,0
BRDA:1708,153,0,0
BRDA:1708,153,1,0
BRDA:1709,154,0,0
BRDA:1709,154,1,0
BRDA:1710,155,0,0
BRDA:1710,155,1,0
BRDA:1898,156,0,0
BRDA:1898,156,1,0
BRDA:2124,157,0,0
BRDA:2124,157,1,0
BRDA:2127,158,0,0
BRDA:2127,158,1,0
BRDA:2168,159,0,0
BRDA:2168,159,1,0
BRDA:2208,160,0,0
BRDA:2208,160,1,0
BRDA:2233,161,0,0
BRDA:2233,161,1,0
BRDA:2238,162,0,0
BRDA:2238,162,1,0
BRDA:2241,163,0,0
BRDA:2241,163,1,0
BRDA:2329,164,0,0
BRDA:2329,164,1,0
BRDA:2353,165,0,0
BRDA:2353,165,1,0
BRDA:2413,166,0,0
BRDA:2413,166,1,0
BRDA:2416,167,0,0
BRDA:2416,167,1,0
BRDA:2452,168,0,0
BRDA:2452,168,1,0
BRDA:2452,168,2,0
BRDA:2473,169,0,0
BRDA:2473,169,1,0
BRDA:2474,170,0,0
BRDA:2474,170,1,0
BRDA:2474,170,2,0
BRDA:2529,171,0,0
BRDA:2529,171,1,0
BRDA:2529,171,2,0
BRDA:2550,172,0,0
BRDA:2550,172,1,0
BRDA:2550,172,2,0
BRDA:2550,172,3,0
BRDA:2607,173,0,0
BRDA:2607,173,1,0
BRDA:2607,174,0,0
BRDA:2607,174,1,0
BRDA:2607,174,2,0
BRDA:2607,174,3,0
BRDA:2607,174,4,0
BRDA:2674,175,0,0
BRDA:2674,175,1,0
BRDA:2695,176,0,0
BRDA:2695,176,1,0
BRDA:2701,177,0,0
BRDA:2701,177,1,0
BRDA:2701,177,2,0
BRDA:2701,177,3,0
BRDA:2731,178,0,0
BRDA:2731,178,1,0
BRDA:2731,178,2,0
BRDA:2731,178,3,0
BRDA:2762,179,0,0
BRDA:2762,179,1,0
BRDA:2762,179,2,0
BRDA:2790,180,0,0
BRDA:2790,180,1,0
BRDA:2825,181,0,0
BRDA:2825,181,1,0
BRDA:2876,182,0,0
BRDA:2876,182,1,0
BRDA:2876,182,2,0
BRDA:2917,183,0,0
BRDA:2917,183,1,0
BRDA:2917,183,2,0
BRDA:2917,183,3,0
BRDA:2966,184,0,0
BRDA:2966,184,1,0
BRDA:2969,185,0,0
BRDA:2969,185,1,0
BRDA:3047,186,0,0
BRDA:3047,186,1,0
BRDA:3050,187,0,0
BRDA:3050,187,1,0
BRDA:3162,188,0,0
BRDA:3162,188,1,0
BRDA:3191,189,0,0
BRDA:3191,189,1,0
BRDA:3193,190,0,0
BRDA:3193,190,1,0
BRDA:3193,191,0,0
BRDA:3193,191,1,0
BRDA:3207,192,0,0
BRDA:3207,192,1,0
BRDA:3207,193,0,0
BRDA:3207,193,1,0
BRDA:3207,193,2,0
BRDA:3245,194,0,0
BRDA:3245,194,1,0
BRDA:3321,195,0,0
BRDA:3321,195,1,0
BRDA:3354,196,0,0
BRDA:3354,196,1,0
BRDA:3355,197,0,0
BRDA:3355,197,1,0
BRDA:3358,198,0,0
BRDA:3358,198,1,0
BRDA:3388,199,0,0
BRDA:3388,199,1,0
BRDA:3423,200,0,0
BRDA:3423,200,1,0
BRDA:3423,201,0,0
BRDA:3423,201,1,0
BRDA:3566,202,0,0
BRDA:3566,202,1,0
BRDA:3566,203,0,0
BRDA:3566,203,1,0
BRDA:3567,204,0,0
BRDA:3567,204,1,0
BRDA:3567,204,2,0
BRDA:3573,205,0,0
BRDA:3573,205,1,0
BRDA:3573,206,0,0
BRDA:3573,206,1,0
BRDA:3579,207,0,0
BRDA:3579,207,1,0
BRDA:3582,208,0,0
BRDA:3582,208,1,0
BRDA:3582,209,0,0
BRDA:3582,209,1,0
BRDA:3612,210,0,0
BRDA:3612,210,1,0
BRDA:3677,211,0,0
BRDA:3677,211,1,0
BRDA:3677,212,0,0
BRDA:3677,212,1,0
BRDA:3701,213,0,0
BRDA:3701,213,1,0
BRDA:3701,214,0,0
BRDA:3701,214,1,0
BRDA:3788,215,0,0
BRDA:3788,215,1,0
BRDA:3808,216,0,0
BRDA:3808,216,1,0
BRDA:3809,217,0,0
BRDA:3809,217,1,0
BRDA:3814,218,0,0
BRDA:3814,218,1,0
BRDA:3814,219,0,0
BRDA:3814,219,1,0
BRDA:3816,220,0,0
BRDA:3816,220,1,0
BRDA:3819,221,0,0
BRDA:3819,221,1,0
BRDA:3830,222,0,0
BRDA:3830,222,1,0
BRDA:3830,223,0,0
BRDA:3830,223,1,0
BRDA:3830,223,2,0
BRDA:3844,224,0,0
BRDA:3844,224,1,0
BRF:523
BRH:0
end_of_record
TN:
SF:/Users/goodnesseze/Desktop/project/storeManus-react/src/js/navbar.js
FN:7,openNav
FN:13,closeNav
FN:19,signOut
FNF:3
FNH:0
FNDA:0,openNav
FNDA:0,closeNav
FNDA:0,signOut
DA:2,0
DA:3,0
DA:4,0
DA:8,0
DA:9,0
DA:10,0
DA:14,0
DA:15,0
DA:16,0
DA:20,0
DA:21,0
LF:11
LH:0
BRF:0
BRH:0
end_of_record
TN:
SF:/Users/goodnesseze/Desktop/project/storeManus-react/src/js/salesRecord.js
FN:6,(anonymous_0)
FN:12,getOneAttendantSales
FN:24,(anonymous_2)
FN:25,(anonymous_3)
FN:32,(anonymous_4)
FN:35,popSalesTable
FN:50,addTotal
FN:52,(anonymous_7)
FN:53,(anonymous_8)
FNF:9
FNH:0
FNDA:0,(anonymous_0)
FNDA:0,getOneAttendantSales
FNDA:0,(anonymous_2)
FNDA:0,(anonymous_3)
FNDA:0,(anonymous_4)
FNDA:0,popSalesTable
FNDA:0,addTotal
FNDA:0,(anonymous_7)
FNDA:0,(anonymous_8)
DA:2,0
DA:3,0
DA:4,0
DA:6,0
DA:8,0
DA:13,0
DA:14,0
DA:15,0
DA:16,0
DA:24,0
DA:26,0
DA:27,0
DA:29,0
DA:30,0
DA:32,0
DA:36,0
DA:37,0
DA:38,0
DA:46,0
DA:51,0
DA:52,0
DA:53,0
DA:54,0
DA:55,0
DA:62,0
LF:25
LH:0
BRDA:3,0,0,0
BRDA:3,0,1,0
BRDA:26,1,0,0
BRDA:26,1,1,0
BRDA:51,2,0,0
BRDA:51,2,1,0
BRF:6
BRH:0
end_of_record
TN:
SF:/Users/goodnesseze/Desktop/project/storeManus-react/src/js/sidebar.js
FN:5,(anonymous_0)
FN:12,(anonymous_1)
FNF:2
FNH:0
FNDA:0,(anonymous_0)
FNDA:0,(anonymous_1)
DA:1,0
DA:2,0
DA:3,0
DA:4,0
DA:5,0
DA:6,0
DA:7,0
DA:8,0
DA:9,0
DA:12,0
DA:13,0
DA:14,0
DA:15,0
DA:16,0
LF:14
LH:0
BRF:0
BRH:0
end_of_record
TN:
SF:/Users/goodnesseze/Desktop/project/storeManus-react/src/js/signin.js
FN:1,(anonymous_0)
FN:4,signInUser
FN:16,(anonymous_2)
FN:17,(anonymous_3)
FN:27,(anonymous_4)
FN:30,(anonymous_5)
FNF:6
FNH:0
FNDA:0,(anonymous_0)
FNDA:0,signInUser
FNDA:0,(anonymous_2)
FNDA:0,(anonymous_3)
FNDA:0,(anonymous_4)
FNDA:0,(anonymous_5)
DA:1,0
DA:2,0
DA:5,0
DA:6,0
DA:7,0
DA:8,0
DA:16,0
DA:18,0
DA:19,0
DA:20,0
DA:21,0
DA:22,0
DA:24,0
DA:27,0
DA:30,0
DA:31,0
DA:32,0
DA:34,0
DA:35,0
DA:37,0
DA:39,0
LF:21
LH:0
BRDA:19,0,0,0
BRDA:19,0,1,0
BRDA:21,1,0,0
BRDA:21,1,1,0
BRDA:34,2,0,0
BRDA:34,2,1,0
BRF:6
BRH:0
end_of_record
TN:
SF:/Users/goodnesseze/Desktop/project/storeManus-react/src/js/updateProfile.js
FN:6,loadUpdateProfileButton
FN:9,(anonymous_1)
FN:18,(anonymous_2)
FN:37,(anonymous_3)
FN:51,(anonymous_4)
FN:52,(anonymous_5)
FN:61,(anonymous_6)
FN:73,isLargeFileSize
FN:80,(anonymous_8)
FNF:9
FNH:0
FNDA:0,loadUpdateProfileButton
FNDA:0,(anonymous_1)
FNDA:0,(anonymous_2)
FNDA:0,(anonymous_3)
FNDA:0,(anonymous_4)
FNDA:0,(anonymous_5)
FNDA:0,(anonymous_6)
FNDA:0,isLargeFileSize
FNDA:0,(anonymous_8)
DA:2,0
DA:7,0
DA:8,0
DA:9,0
DA:10,0
DA:11,0
DA:12,0
DA:18,0
DA:19,0
DA:20,0
DA:21,0
DA:24,0
DA:25,0
DA:26,0
DA:27,0
DA:28,0
DA:29,0
DA:30,0
DA:35,0
DA:36,0
DA:37,0
DA:38,0
DA:39,0
DA:40,0
DA:42,0
DA:51,0
DA:53,0
DA:54,0
DA:55,0
DA:57,0
DA:58,0
DA:61,0
DA:67,0
DA:68,0
DA:69,0
DA:74,0
DA:75,0
DA:77,0
DA:80,0
DA:81,0
DA:82,0
DA:83,0
DA:84,0
DA:85,0
DA:86,0
DA:87,0
DA:88,0
LF:47
LH:0
BRDA:20,0,0,0
BRDA:20,0,1,0
BRDA:53,1,0,0
BRDA:53,1,1,0
BRDA:68,2,0,0
BRDA:68,2,1,0
BRDA:74,3,0,0
BRDA:74,3,1,0
BRF:8
BRH:0
end_of_record
TN:
SF:/Users/goodnesseze/Desktop/project/storeManus-react/src/test/setup.js
FNF:0
FNH:0
DA:4,1
LF:1
LH:1
BRF:0
BRH:0
end_of_record
